log(rho):  5.0                  | 5.2                  | 5.4                  | 5.6                  | 5.8                  | 6.0                  | 6.2                  | 6.4                  | 6.6                  | 6.8                  | 7.0                  |
           r_c12_pg_n13           r_c12_pg_n13           r_c12_pg_n13           r_c12_pg_n13           r_c12_pg_n13           r_c12_pg_n13           r_c12_pg_n13           r_c12_pg_n13           r_c12_pg_n13           r_c12_pg_n13           r_c12_pg_n13           
           3.88724408e+17         6.43552100e+17         1.07753194e+18         1.82999980e+18         3.16711338e+18         5.57201399e+18         9.86657427e+18         1.74726877e+19         3.05623900e+19         5.16352101e+19         8.07526663e+19         

           r_c12_to_he4_he4_he4   r_c12_to_he4_he4_he4   r_c12_to_he4_he4_he4   r_c12_to_he4_he4_he4   r_c12_to_he4_he4_he4   r_c12_to_he4_he4_he4   r_c12_to_he4_he4_he4   r_c12_to_he4_he4_he4   r_c12_to_he4_he4_he4   r_c12_to_he4_he4_he4   r_c12_to_he4_he4_he4   
           1.61236410e+11         4.41923321e+11         1.23924575e+12         3.54801266e+12         1.03546483e+13         3.07691004e+13         9.26265273e+13         2.82426937e+14         8.46686308e+14         2.93507889e+15         1.07243491e+16         

           r_n14_ag_f18           r_n14_ag_f18           r_n14_ag_f18           r_n14_ag_f18           r_n14_ag_f18           r_n14_ag_f18           r_n14_ag_f18           r_n14_ag_f18           r_n14_ag_f18           r_n14_ag_f18           r_n14_ag_f18           
           2.39846615e+10         4.17329568e+10         7.30904519e+10         1.28073324e+11         2.21835352e+11         3.71300418e+11         6.60773488e+11         1.22889032e+12         2.35501530e+12         4.67150539e+12         9.64213931e+12         

           r_c12_ag_o16           r_c12_ag_o16           r_c12_ag_o16           r_c12_ag_o16           r_c12_ag_o16           r_c12_ag_o16           r_c12_ag_o16           r_c12_ag_o16           r_c12_ag_o16           r_c12_ag_o16           r_c12_ag_o16           
           1.21008577e+07         2.08980546e+07         3.63892899e+07         6.36683332e+07         1.11075656e+08         1.90389587e+08         3.15051582e+08         5.74527718e+08         1.07630179e+09         2.07969722e+09         4.16416868e+09         

           r_c14_ag_o18           r_c14_ag_o18           r_c14_ag_o18           r_c14_ag_o18           r_c14_ag_o18           r_c14_ag_o18           r_c14_ag_o18           r_c14_ag_o18           r_c14_ag_o18           r_c14_ag_o18           r_c14_ag_o18           
           1.05841064e+06         1.82788888e+06         3.18277946e+06         5.56874462e+06         9.71530193e+06         1.66529072e+07         2.75563579e+07         5.02518580e+07         9.41430398e+07         1.81909583e+08         3.64245085e+08         

           r_h1_h1_wk_h2          r_h1_h1_wk_h2          r_h1_h1_wk_h2          r_h1_h1_wk_h2          r_h1_h1_wk_h2          r_h1_h1_wk_h2          r_h1_h1_wk_h2          r_h1_h1_wk_h2          r_h1_h1_wk_h2          r_h1_h1_wk_h2          r_h1_h1_wk_h2          
           9.81092774e+03         1.56210268e+04         2.50612399e+04         3.99988811e+04         6.46554153e+04         1.04082956e+05         1.68457474e+05         2.73755232e+05         4.52018272e+05         7.49374942e+05         1.25596409e+06         

           r_o16_ag_ne20          r_o16_ag_ne20          r_o16_ag_ne20          r_o16_ag_ne20          r_o16_ag_ne20          r_o16_ag_ne20          r_o16_ag_ne20          r_o16_ag_ne20          r_o16_ag_ne20          r_o16_ag_ne20          r_o16_ag_ne20          
           9.81559317e+01         2.23548389e+02         3.64324237e+02         5.36587392e+02         1.16464849e+03         1.83526257e+03         3.20848545e+03         6.36196144e+03         1.15106567e+04         2.20949965e+04         4.67228393e+04         

           r_c14_wk-minus_n14     r_ne20_ag_mg24         r_c14_wk-minus_n14     r_c14_wk-minus_n14     r_c14_wk-minus_n14     r_o18_wk-minus_f18     r_o18_wk-minus_f18     r_o17_pg_f18           r_o17_ag_ne21          r_o18_wk-minus_f18     r_o17_ag_ne21          
           1.73137450e+01         2.67360737e+01         5.35040886e+01         1.19262928e+02         1.82565815e+02         3.90557813e+02         4.92928384e+02         5.37670715e+02         1.22711307e+03         2.10410774e+03         5.58866493e+03         

           r_o18_wk-minus_f18     r_o17_ag_ne21          r_ne20_ag_mg24         r_neut_wk-minus_h1     r_neut_wk-minus_h1     r_f18_wk_o18           r_o17_pg_f18           r_f18_ap_ne21          r_o18_ag_ne22          r_o17_ag_ne21          r_o18_ag_ne22          
           9.42525379e+00         9.30789710e+00         1.84643389e+01         8.39634380e+01         1.47266325e+02         3.48959020e+02         4.87199288e+02         5.37670715e+02         1.22711307e+03         1.52790932e+03         5.58866493e+03         

           r_f18_wk_o18           r_o18_ag_ne22          r_neut_wk-minus_h1     r_h1_wk_neut           r_h1_wk_neut           r_h1_h2_to_neut_h1_h1  r_f18_ap_ne21          r_n13_ap_o16           r_f18_wk_o18           r_o18_ag_ne22          r_neut_wk-minus_h1     
           1.59615643e+00         9.30789710e+00         1.82045985e+01         8.39634380e+01         1.47266325e+02         3.48959020e+02         4.87199288e+02         5.37670715e+02         1.16444980e+03         1.52790932e+03         3.86891503e+03         

