log(rho):  5.0                  | 5.2                  | 5.4                  | 5.6                  | 5.8                  | 6.0                  | 6.2                  | 6.4                  | 6.6                  | 6.8                  | 7.0                  |
           r_c12_pg_n13           r_c12_pg_n13           r_c12_pg_n13           r_c12_pg_n13           r_c12_pg_n13           r_c12_pg_n13           r_c12_pg_n13           r_c12_pg_n13           r_c12_pg_n13           r_c12_pg_n13           r_c12_pg_n13           
           1.07611906e+19         1.74650965e+19         2.85201200e+19         4.69345492e+19         7.79947072e+19         1.31209219e+20         2.24165894e+20         3.90892503e+20         6.89621493e+20         1.22236461e+21         2.15903095e+21         

           r_c12_to_he4_he4_he4   r_c12_to_he4_he4_he4   r_c12_to_he4_he4_he4   r_c12_to_he4_he4_he4   r_c12_to_he4_he4_he4   r_c12_to_he4_he4_he4   r_c12_to_he4_he4_he4   r_c12_to_he4_he4_he4   r_c12_to_he4_he4_he4   r_c12_to_he4_he4_he4   r_c12_to_he4_he4_he4   
           6.12635120e+13         1.61370156e+14         4.30312474e+14         1.16537726e+15         3.21818868e+15         9.09917337e+15         2.62300929e+16         7.70690283e+16         2.30276571e+17         6.97383487e+17         2.11686616e+18         

           r_n14_ag_f18           r_n14_ag_f18           r_n14_ag_f18           r_n14_ag_f18           r_n14_ag_f18           r_n14_ag_f18           r_n14_ag_f18           r_n14_ag_f18           r_n14_ag_f18           r_n14_ag_f18           r_n14_ag_f18           
           4.86866563e+13         8.15583004e+13         1.39159455e+14         2.40774221e+14         4.20104967e+14         7.36588667e+14         1.28765784e+15         2.21069297e+15         3.70754101e+15         6.77776410e+15         1.27345081e+16         

           r_c12_ag_o16           r_c12_ag_o16           r_c12_ag_o16           r_c12_ag_o16           r_c12_ag_o16           r_c12_ag_o16           r_c12_ag_o16           r_c12_ag_o16           r_c12_ag_o16           r_c12_ag_o16           r_c12_ag_o16           
           5.50301506e+09         9.14580698e+09         1.53880178e+10         2.63809342e+10         4.57040698e+10         7.97655863e+10         1.39580560e+11         2.42500753e+11         4.10704150e+11         6.99041116e+11         1.28652296e+12         

           r_c14_ag_o18           r_c14_ag_o18           r_c14_ag_o18           r_c14_ag_o18           r_c14_ag_o18           r_c14_ag_o18           r_c14_ag_o18           r_c14_ag_o18           r_c14_ag_o18           r_c14_ag_o18           r_c14_ag_o18           
           1.31154924e+09         2.17974748e+09         3.66747215e+09         6.28744661e+09         1.08927952e+10         1.90107952e+10         3.32666922e+10         5.77960652e+10         9.78849171e+10         1.66606153e+11         3.06625476e+11         

           r_o16_ag_ne20          r_o16_ag_ne20          r_o16_ag_ne20          r_o16_ag_ne20          r_o16_ag_ne20          r_o16_ag_ne20          r_o16_ag_ne20          r_o16_ag_ne20          r_o16_ag_ne20          r_o16_ag_ne20          r_o16_ag_ne20          
           1.32725423e+08         2.24578755e+08         3.87609907e+08         6.75216554e+08         1.18447551e+09         2.08038816e+09         3.61618177e+09         6.08575712e+09         1.08406070e+10         2.01566101e+10         3.86213889e+10         

           r_h1_h1_wk_h2          r_h1_h1_wk_h2          r_h1_h1_wk_h2          r_h1_h1_wk_h2          r_h1_h1_wk_h2          r_h1_h1_wk_h2          r_h1_h1_wk_h2          r_h1_h1_wk_h2          r_h1_h1_wk_h2          r_h1_h1_wk_h2          r_h1_h1_wk_h2          
           1.97573264e+04         3.18471439e+04         4.93266146e+04         7.59571218e+04         1.23597324e+05         1.97185643e+05         3.12379716e+05         5.19344054e+05         7.91496323e+05         1.43724440e+06         2.02200544e+06         

           r_o17_pg_f18           r_f18_wk_o18           r_o18_wk-minus_f18     r_o17_pg_f18           r_o17_ag_ne21          r_o17_ag_ne21          r_o18_wk-minus_f18     r_o18_wk-minus_f18     r_o17_ag_ne21          r_c14_wk-minus_n14     r_neut_wk-minus_h1     
           7.52785081e+02         1.35835799e+03         1.33674447e+03         3.37603822e+03         3.24672474e+03         1.35750203e+04         1.07291043e+04         2.57339615e+04         5.18829895e+04         9.10044361e+04         1.98053912e+05         

           r_f18_ap_ne21          r_h1_h2_to_neut_h1_h1  r_f18_wk_o18           r_f18_ap_ne21          r_o18_ag_ne22          r_o18_ag_ne22          r_f18_wk_o18           r_c14_wk-minus_n14     r_o18_ag_ne22          r_f18_wk_o18           r_ne20_ag_mg24         
           7.52785081e+02         1.35835799e+03         8.58187648e+02         3.37603822e+03         3.24672474e+03         1.35750203e+04         2.26878825e+03         6.87551599e+03         5.18829895e+04         6.05386762e+04         1.63300705e+05         

           r_n13_ap_o16           r_he4_ne20_to_c12_c12  r_h1_h2_to_neut_h1_h1  r_n13_ap_o16           r_f18_wk_o18           r_o17_pg_f18           r_h1_h2_to_neut_h1_h1  r_neut_wk-minus_h1     r_o18_wk-minus_f18     r_h1_h2_to_neut_h1_h1  r_f18_wk_o18           
           7.52785081e+02         1.35835799e+03         8.58187648e+02         3.37603822e+03         9.34193099e+02         6.51900480e+03         2.26878825e+03         6.84878973e+03         2.36584018e+04         6.05386762e+04         1.17895199e+05         

