  **************** Basic **************** 

 ecap Q:    6.6688917139999973     
 ecap Q:    5.4906917139999969     
 ecap Q:    7.2747473730000003     
 ecap Q:   -7.2747473730000003     
 ecap Q:    0.0000000000000000     
 ecap Q:   0.15647601999999949     
 ecap Q:   -9.5637335736008522E-002
 ecap Q:   -1.6552230720000001     


                                log temp         8.300000000
                                 log rho         6.400000000

                            log(eps_nuc)        19.234725600

                                 eps_nuc     0.171682330E+20

                            d_lneps_dlnT         7.419594944
                          d_lneps_dlnRho         1.233135303


 summary of log raw rates

                  r_he3_he3_to_h1_h1_he4         8.478149038
                           rbe7pg_b8_aux         4.651235857
                            r_c12_pg_n13         4.343194252
                                 r34_pp2         4.044699675
                                 r34_pp3         4.044699675
                    r_he4_he4_he4_to_c12        -2.203127188
                            r_n13_ap_o16        -2.529975869
                          rbe7ec_li7_aux        -3.097918006
                            r_n14_ag_f18        -3.112786454
                            r_f18_wk_o18        -3.977716189
                           r_o18_ag_ne22        -4.066695085
                            r_c14_ag_o18        -6.963644203
                            r_c12_ag_o16        -7.439720782
                           r_f18_ap_ne21        -7.574839756
                             rpep_to_he3        -8.447735947
                         r_h1_he3_wk_he4        -9.753955535
                              rpp_to_he3        -9.774612343
                      r_c14_wk-minus_n14       -11.414171003
                          r_ne20_ag_mg24       -11.865856870
                                rn14ecap       -11.912299859
                           r_o16_ag_ne20       -12.224622729
                   r_c12_c12_to_he4_ne20       -29.476193917

 summary of screening factors

                   r_c12_o16_to_he4_mg24     0.290482005E+02
                            r_f18_wk_o18     0.151544361E+02
                   r_c12_c12_to_he4_ne20     0.138181725E+02
                          r_ne20_ag_mg24     0.443902980E+01
                           r_f18_ap_ne21     0.393281778E+01
                    r_he4_he4_he4_to_c12     0.389953043E+01
                           r_o18_ag_ne22     0.346946602E+01
                           r_o16_ag_ne20     0.346944051E+01
                            r_n14_ag_f18     0.304609367E+01
                            r_n13_ap_o16     0.304607812E+01
                            r_c14_ag_o18     0.266036480E+01
                            r_c12_ag_o16     0.266033920E+01
                            r_c12_pg_n13     0.212126412E+01
                           rbe7pg_b8_aux     0.173295205E+01
                                 r34_pp3     0.170254685E+01
                  r_he3_he3_to_h1_h1_he4     0.170254103E+01
                         r_h1_he3_wk_he4     0.132632951E+01
                              rpp_to_he3     0.115166380E+01
                             rpep_to_he3     0.115166380E+01
                                 r34_pp2     0.183763869E-06
                      r_o18_wk-minus_f18     0.268226638E-12

 summary of log screened rates (reactions/gm/sec)

                  r_he3_he3_to_h1_h1_he4         8.709246626
                           rbe7pg_b8_aux         4.890022404
                            r_c12_pg_n13         4.669788999
                                 r34_pp3         4.275798746
                    r_he4_he4_he4_to_c12        -1.612114875
                            r_n13_ap_o16        -2.046234832
                            r_n14_ag_f18        -2.629043200
                                 r34_pp2        -2.691040200
                            r_f18_wk_o18        -2.797176407
                          rbe7ec_li7_aux        -3.097918006
                           r_o18_ag_ne22        -3.526432446
                            r_c14_ag_o18        -6.538703010
                           r_f18_ap_ne21        -6.980135932
                            r_c12_ag_o16        -7.014783768
                             rpep_to_he3        -8.386410231
                         r_h1_he3_wk_he4        -9.631304102
                              rpp_to_he3        -9.713286627
                          r_ne20_ag_mg24       -11.218568809
                      r_c14_wk-minus_n14       -11.414171003
                           r_o16_ag_ne20       -11.684363284
                                rn14ecap       -11.912299859
                   r_c12_c12_to_he4_ne20       -28.335743308

 summary of log energy generation (reactions/gm/sec)

                            r_c12_pg_n13        19.234718720
                    r_he4_he4_he4_to_c12        14.432637076
                            r_n14_ag_f18        12.066216636
                            r_c12_ag_o16         8.743164789
                             rpep_to_he3         7.434588173
                            r_c14_ag_o18         7.348822733
                              rpp_to_he3         6.192138382
                           r_o16_ag_ne20         3.768464241
                      r_c14_wk-minus_n14         1.548029009
                   r_c12_c12_to_he4_ne20       -14.802117385
                   r_c12_o16_to_he4_mg24       -26.480903227



 energy generation by category

                                category   log rate (erg/g/sec)

                                     cno        19.234719   0.171680E+20
                                tri_alfa        14.432637   0.270793E+15
                                  burn_n        12.066217   0.116471E+13
                                  burn_c         8.760337   0.575887E+09
                                      pp         7.458754   0.287577E+08
                                  burn_o         3.768464   0.586765E+04
                                   other         1.548029   0.353207E+02

             log10(-photodisintegration)       -99.000000  -0.000000E+00



 summary of isotope mass abundance changes

                                 isotope        x initial         dx_dt   

                                     n13     0.100000E-98     0.119020E+03
                                     c12     0.470000E-01    -0.109864E+03
                                      h1     0.500000E-01    -0.915536E+01
                                     he4     0.846450E+00    -0.464049E-03
                                     f18     0.100000E-98     0.492191E-05
                                     n14     0.770000E-02    -0.382815E-05
                                     o16     0.470000E-01     0.128170E-08
                                     o18     0.100000E-98     0.668962E-10
                                     c14     0.850000E-03    -0.520243E-10
                                     he3     0.100000E-98     0.161292E-10
                                    ne20     0.100000E-98     0.257150E-13


 summary of d_eps_nuc_dx

                                 isotope     d_eps_nuc_dx

                                     he3     0.16773832940445E+23
                                     c12     0.36527576789485E+21
                                      h1     0.34335922181124E+21
                                     he4     0.96112424068055E+15
                                     n13     0.73682489967215E+15
                                     n14     0.15126063209100E+15
                                     o18     0.32631665706555E+14
                                     f18    -0.81757963109215E+13
                                     c14     0.26266638309045E+11
                                    ne20     0.57498837482262E+06
                                     o16     0.12484362853598E+06
                                    ne21    -0.27326591443099E-34

                                           Q total          Q neutrino    Q total-neutrino
                    rpp_to_he3        6.9356917140        0.2668000000        6.6688917140
                   rpep_to_he3        6.9356917140        1.4450000000        5.4906917140
               r_h1_he3_wk_he4       19.7952684950        9.6280000000       10.1672684950
        r_he3_he3_to_h1_h1_he4       12.8595767810        0.0000000000       12.8595767810
        r_h1_h1_he4_to_he3_he3      -12.8595767810        0.0000000000      -12.8595767810
                       r34_pp2       19.7952684950        0.8000000000       18.9952684950
                       r34_pp3       19.7952684950        6.7350000000       13.0602684950
          r_he4_he4_he4_to_c12        7.2747473730        0.0000000000        7.2747473730
          r_c12_to_he4_he4_he4       -7.2747473730        0.0000000000       -7.2747473730
                rbe7ec_li7_aux        0.0000000000        0.0000000000        0.0000000000
                 rbe7pg_b8_aux        0.0000000000        0.0000000000        0.0000000000
                  r_c12_ag_o16        7.1619172100        0.0000000000        7.1619172100
                  r_n13_ap_o16        5.2184296060        0.0000000000        5.2184296060
                  r_n13_gp_c12       -1.9434876040        0.0000000000       -1.9434876040
                      rn14ecap        0.0000000000        0.0000000000        0.0000000000
                  r_n14_ag_f18        4.4146319040        0.0000000000        4.4146319040
                 r_o16_ag_ne20        4.7298460010        0.0000000000        4.7298460010
                  r_o16_ga_c12       -7.1619172100        0.0000000000       -7.1619172100
                 r_o18_ag_ne22        9.6681091790        0.0000000000        9.6681091790
                 r_f18_ap_ne21        1.7414240640        0.0000000000        1.7414240640
                r_ne20_ag_mg24        9.3165521630        0.0000000000        9.3165521630
                 r_ne20_ga_o16       -4.7298460010        0.0000000000       -4.7298460010
                 r_ne22_ga_o18       -9.6681091790        0.0000000000       -9.6681091790
                r_mg24_ga_ne20       -9.3165521630        0.0000000000       -9.3165521630
                  r_c12_pg_n13        1.9434876040        0.0000000000        1.9434876040
                  r_c14_ag_o18        6.2263309960        0.0000000000        6.2263309960
            r_c14_wk-minus_n14        0.1564760200        0.0000000000        0.1564760200
                  r_o16_pa_n13       -5.2184296060        0.0000000000       -5.2184296060
                  r_o18_ga_c14       -6.2263309960        0.0000000000       -6.2263309960
                  r_f18_ga_n14       -4.4146319040        0.0000000000       -4.4146319040
          weaklib r_f18_wk_o18        1.6552230720        1.7508604077       -0.0956373357
    weaklib r_o18_wk-minus_f18       -1.6552230720        0.0000000000       -1.6552230720
         r_c12_c12_to_he4_ne20        4.6170158380        0.0000000000        4.6170158380
         r_he4_ne20_to_c12_c12       -4.6170158380        0.0000000000       -4.6170158380
                 r_ne21_pa_f18       -1.7414240640        0.0000000000       -1.7414240640
         r_c12_o16_to_he4_mg24        6.7716507910        0.0000000000        6.7716507910
         r_he4_mg24_to_c12_o16       -6.7716507910        0.0000000000       -6.7716507910


