  **************** Basic **************** 

 ecap Q:    6.6688917139999973     
 ecap Q:    5.4906917139999969     
 ecap Q:    7.2747473730000003     
 ecap Q:   -7.2747473730000003     
 ecap Q:    0.0000000000000000     
 ecap Q:   0.15647601999999949     
 ecap Q:   0.25873262913447514     
 ecap Q:   -1.6552230720000001     


                                log temp         8.300000000
                                 log rho         5.600000000

                            log(eps_nuc)        18.254610068

                                 eps_nuc     0.179725652E+19

                            d_lneps_dlnT         7.612944963
                          d_lneps_dlnRho         1.168649523


 summary of log raw rates

                  r_he3_he3_to_h1_h1_he4         7.678149038
                           rbe7pg_b8_aux         3.851235857
                            r_c12_pg_n13         3.543194252
                                 r34_pp2         3.244699675
                                 r34_pp3         3.244699675
                            r_n13_ap_o16        -3.329975869
                    r_he4_he4_he4_to_c12        -3.803127188
                          rbe7ec_li7_aux        -3.897918006
                            r_n14_ag_f18        -3.912786454
                            r_f18_wk_o18        -3.977716189
                           r_o18_ag_ne22        -4.866695085
                            r_c14_ag_o18        -7.763644203
                            r_c12_ag_o16        -8.239720782
                           r_f18_ap_ne21        -8.374839756
                             rpep_to_he3       -10.047735947
                         r_h1_he3_wk_he4       -10.553955535
                              rpp_to_he3       -10.574612343
                      r_c14_wk-minus_n14       -11.414171003
                          r_ne20_ag_mg24       -12.665856870
                           r_o16_ag_ne20       -13.024622729
                                rn14ecap       -15.484798038
                   r_c12_c12_to_he4_ne20       -30.276193917

 summary of screening factors

                   r_c12_o16_to_he4_mg24     0.581284237E+01
                   r_c12_c12_to_he4_ne20     0.390189782E+01
                            r_f18_wk_o18     0.331894194E+01
                          r_ne20_ag_mg24     0.234442845E+01
                           r_f18_ap_ne21     0.224742164E+01
                           r_o18_ag_ne22     0.213158489E+01
                           r_o16_ag_ne20     0.213158323E+01
                            r_n14_ag_f18     0.200064535E+01
                            r_n13_ap_o16     0.200064446E+01
                    r_he4_he4_he4_to_c12     0.194884253E+01
                            r_c14_ag_o18     0.185860339E+01
                            r_c12_ag_o16     0.185860219E+01
                            r_c12_pg_n13     0.140115198E+01
                  r_he3_he3_to_h1_h1_he4     0.125215136E+01
                           rbe7pg_b8_aux     0.125215136E+01
                                 r34_pp3     0.125215117E+01
                         r_h1_he3_wk_he4     0.111899569E+01
                              rpp_to_he3     0.105782593E+01
                             rpep_to_he3     0.105782593E+01
                                 r34_pp2     0.187045617E-06
                      r_o18_wk-minus_f18     0.600282108E-08

 summary of log screened rates (reactions/gm/sec)

                  r_he3_he3_to_h1_h1_he4         7.775805867
                           rbe7pg_b8_aux         3.948892687
                            r_c12_pg_n13         3.689679496
                                 r34_pp3         3.342356439
                            r_n13_ap_o16        -3.028805953
                            r_f18_wk_o18        -3.456716533
                                 r34_pp2        -3.483352790
                    r_he4_he4_he4_to_c12        -3.513350439
                            r_n14_ag_f18        -3.611616344
                          rbe7ec_li7_aux        -3.897918006
                           r_o18_ag_ne22        -4.537992452
                            r_c14_ag_o18        -7.494457477
                            r_c12_ag_o16        -7.970534337
                           r_f18_ap_ne21        -8.023155198
                             rpep_to_he3       -10.023321739
                         r_h1_he3_wk_he4       -10.505127120
                              rpp_to_he3       -10.550198136
                      r_c14_wk-minus_n14       -11.414171003
                          r_ne20_ag_mg24       -12.295819886
                           r_o16_ag_ne20       -12.695920435
                                rn14ecap       -15.484798038
                   r_c12_c12_to_he4_ne20       -29.684918025

 summary of log energy generation (reactions/gm/sec)

                            r_c12_pg_n13        18.254609218
                    r_he4_he4_he4_to_c12        12.531401511
                            r_n14_ag_f18        11.083643491
                            r_c12_ag_o16         7.787414219
                            r_c14_ag_o18         6.393068266
                             rpep_to_he3         5.797676664
                              rpp_to_he3         5.355226873
                           r_o16_ag_ne20         2.756907090
                      r_c14_wk-minus_n14         1.548029009
                   r_c12_c12_to_he4_ne20       -16.151292102
                   r_c12_o16_to_he4_mg24       -27.979633914



 energy generation by category

                                category   log rate (erg/g/sec)

                                     cno        18.254609   0.179725E+19
                                tri_alfa        12.531402   0.339939E+13
                                  burn_n        11.083643   0.121239E+12
                                  burn_c         7.804586   0.637656E+08
                                      pp         5.931546   0.854174E+06
                                  burn_o         2.756907   0.571356E+03
                                   other         1.548029   0.353207E+02

             log10(-photodisintegration)       -99.000000  -0.000000E+00



 summary of isotope mass abundance changes

                                 isotope        x initial         dx_dt   

                                     n13     0.100000E-98     0.124598E+02
                                     c12     0.470000E-01    -0.115013E+02
                                      h1     0.500000E-01    -0.958443E+00
                                     he4     0.846450E+00    -0.592560E-05
                                     f18     0.100000E-98     0.512342E-06
                                     n14     0.770000E-02    -0.398488E-06
                                     o16     0.470000E-01     0.141918E-09
                                     o18     0.100000E-98     0.740708E-11
                                     c14     0.850000E-03    -0.576434E-11
                                     he3     0.100000E-98     0.461035E-12
                                    ne20     0.100000E-98     0.250397E-14


 summary of d_eps_nuc_dx

                                 isotope     d_eps_nuc_dx

                                     he3     0.19551947966609E+22
                                     c12     0.38239425567081E+20
                                      h1     0.35945060031865E+20
                                     n13     0.76699613014765E+14
                                     n14     0.15745366208393E+14
                                     he4     0.12191488291038E+14
                                     f18     0.48455187570407E+13
                                     o18     0.31774537491821E+13
                                     c14     0.29084094378342E+10
                                    ne20     0.48129127243788E+05
                                     o16     0.12156518969332E+05
                                    ne21    -0.29098452480071E-35

                                           Q total          Q neutrino    Q total-neutrino
                    rpp_to_he3        6.9356917140        0.2668000000        6.6688917140
                   rpep_to_he3        6.9356917140        1.4450000000        5.4906917140
               r_h1_he3_wk_he4       19.7952684950        9.6280000000       10.1672684950
        r_he3_he3_to_h1_h1_he4       12.8595767810        0.0000000000       12.8595767810
        r_h1_h1_he4_to_he3_he3      -12.8595767810        0.0000000000      -12.8595767810
                       r34_pp2       19.7952684950        0.8000000000       18.9952684950
                       r34_pp3       19.7952684950        6.7350000000       13.0602684950
          r_he4_he4_he4_to_c12        7.2747473730        0.0000000000        7.2747473730
          r_c12_to_he4_he4_he4       -7.2747473730        0.0000000000       -7.2747473730
                rbe7ec_li7_aux        0.0000000000        0.0000000000        0.0000000000
                 rbe7pg_b8_aux        0.0000000000        0.0000000000        0.0000000000
                  r_c12_ag_o16        7.1619172100        0.0000000000        7.1619172100
                  r_n13_ap_o16        5.2184296060        0.0000000000        5.2184296060
                  r_n13_gp_c12       -1.9434876040        0.0000000000       -1.9434876040
                      rn14ecap        0.0000000000        0.0000000000        0.0000000000
                  r_n14_ag_f18        4.4146319040        0.0000000000        4.4146319040
                 r_o16_ag_ne20        4.7298460010        0.0000000000        4.7298460010
                  r_o16_ga_c12       -7.1619172100        0.0000000000       -7.1619172100
                 r_o18_ag_ne22        9.6681091790        0.0000000000        9.6681091790
                 r_f18_ap_ne21        1.7414240640        0.0000000000        1.7414240640
                r_ne20_ag_mg24        9.3165521630        0.0000000000        9.3165521630
                 r_ne20_ga_o16       -4.7298460010        0.0000000000       -4.7298460010
                 r_ne22_ga_o18       -9.6681091790        0.0000000000       -9.6681091790
                r_mg24_ga_ne20       -9.3165521630        0.0000000000       -9.3165521630
                  r_c12_pg_n13        1.9434876040        0.0000000000        1.9434876040
                  r_c14_ag_o18        6.2263309960        0.0000000000        6.2263309960
            r_c14_wk-minus_n14        0.1564760200        0.0000000000        0.1564760200
                  r_o16_pa_n13       -5.2184296060        0.0000000000       -5.2184296060
                  r_o18_ga_c14       -6.2263309960        0.0000000000       -6.2263309960
                  r_f18_ga_n14       -4.4146319040        0.0000000000       -4.4146319040
          weaklib r_f18_wk_o18        1.6552230720        1.3964904429        0.2587326291
    weaklib r_o18_wk-minus_f18       -1.6552230720        0.0000000000       -1.6552230720
         r_c12_c12_to_he4_ne20        4.6170158380        0.0000000000        4.6170158380
         r_he4_ne20_to_c12_c12       -4.6170158380        0.0000000000       -4.6170158380
                 r_ne21_pa_f18       -1.7414240640        0.0000000000       -1.7414240640
         r_c12_o16_to_he4_mg24        6.7716507910        0.0000000000        6.7716507910
         r_he4_mg24_to_c12_o16       -6.7716507910        0.0000000000       -6.7716507910


