  **************** Basic **************** 


 reaction name <r_c12_ng_c13>     1   323
 reaction name <r_c13_gn_c12>     2   324
 net eps_nuc:    1.1414982345567246E-073

 reaction name <r_c13_ng_c14>     3   325
 reaction name <r_c14_gn_c13>     4   326
 net eps_nuc:   -9.7059814489372448E-091

 reaction name <r_he3_ng_he4>     5   284
 reaction name <r_he4_gn_he3>     6   285
 net eps_nuc:   -9.7059814489372448E-091

 reaction name <r_n13_ng_n14>     7   334
 reaction name <r_n14_gn_n13>     8   335
 net eps_nuc:   -9.7059814489372448E-091

 reaction name <r_ne20_ng_ne21>     9   360
 reaction name <r_ne21_gn_ne20>    10   361
 net eps_nuc:   -9.7059814489372448E-091

 reaction name <r_ne21_ng_ne22>    11   363
 reaction name <r_ne22_gn_ne21>    12   364
 net eps_nuc:   -9.7059814489372448E-091

 reaction name <r_neut_pg_h2>    13   316
 reaction name <r_h2_gp_neut>    14   317
 net eps_nuc:    1.4912232880296681E-071

 reaction name <r_o16_ng_o17>    15   341
 reaction name <r_o17_gn_o16>    16   342
 net eps_nuc:    1.5321203035019312E-073

 reaction name <r_o17_ng_o18>    17   345
 reaction name <r_o18_gn_o17>    18   346
 net eps_nuc:    1.2904079634878219E-087

 reaction name <r_c13_pn_n13>    19   328
 reaction name <r_n13_np_c13>    20   327
 net eps_nuc:    1.2904079634878219E-087

 reaction name <r_c14_pn_n14>    21   333
 reaction name <r_n14_np_c14>    22   332
 net eps_nuc:   -2674499867.0048099     

 reaction name <r_o18_pn_f18>    23   349
 reaction name <r_f18_np_o18>    24   348
 net eps_nuc:   -1.8639533696658167E-007

 reaction name <r_c13_pg_n14>    25    24
 reaction name <r_n14_gp_c13>    26    55
 net eps_nuc:   -1.8639533696658167E-007

 reaction name <r_h2_pg_he3>    27   288
 reaction name <r_he3_gp_h2>    28   289
 net eps_nuc:   -1.8639533696658167E-007

 reaction name <r_c12_pg_n13>    29    21
 reaction name <r_n13_gp_c12>    30    51
 net eps_nuc:    3.0562389977578054E+019

 reaction name <r_o17_pg_f18>    31    84
 reaction name <r_f18_gp_o17>    32    32
 net eps_nuc:   -640.94551057164915     

 reaction name <r_f18_ap_ne21>    33   356
 reaction name <r_ne21_pa_f18>    34   357
 net eps_nuc:   -640.94551057164915     

 reaction name <r_n13_ap_o16>    35    50
 reaction name <r_o16_pa_n13>    36   337
 net eps_nuc:   -640.94551057164915     

 reaction name <r_n14_ap_o17>    37    54
 reaction name <r_o17_pa_n14>    38    83
 net eps_nuc:   -640.94551057164961     

 reaction name <r_c14_an_o17>    39   340
 reaction name <r_o17_na_c14>    40   339
 net eps_nuc:   -640.94551057164961     

 reaction name <r_ne21_an_mg24>    41   367
 reaction name <r_mg24_na_ne21>    42   366
 net eps_nuc:   -640.94551057164961     

 reaction name <r_c13_an_o16>    43    23
 reaction name <r_o16_na_c13>    44   338
 net eps_nuc:   -640.94551057164961     

 reaction name <r_o17_an_ne20>    45   353
 reaction name <r_ne20_na_o17>    46   352
 net eps_nuc:   -640.94551057164961     

 reaction name <r_o18_an_ne21>    47   359
 reaction name <r_ne21_na_o18>    48   358
 net eps_nuc:   -640.94551057164961     

 reaction name <r_c12_ag_o16>    49    19
 reaction name <r_o16_ga_c12>    50    80
 net eps_nuc:    1076301792.5103240     

 reaction name <r_n14_ag_f18>    51    53
 reaction name <r_f18_ga_n14>    52   347
 net eps_nuc:    2355015296358.7822     

 reaction name <r_ne20_ag_mg24>    53    65
 reaction name <r_mg24_ga_ne20>    54    49
 net eps_nuc:   -626.53510603711709     

 reaction name <r_o16_ag_ne20>    55    78
 reaction name <r_ne20_ga_o16>    56    67
 net eps_nuc:    11510.656662046540     

 reaction name <r_o17_ag_ne21>    57   354
 reaction name <r_ne21_ga_o17>    58   355
 net eps_nuc:    1227.1130695697236     

 reaction name <r_o18_ag_ne22>    59    85
 reaction name <r_ne22_ga_o18>    60   362
 net eps_nuc:    1227.1130695697236     

 reaction name <r_c14_ag_o18>    61   343
 reaction name <r_o18_ga_c14>    62   344
 net eps_nuc:    94143039.781392157     

 reaction name <r_c12_to_he4_he4_he4>    63    22
 reaction name <r_he4_he4_he4_to_c12>    64    45
 net eps_nuc:    846686307921066.62     

 reaction name <r_h2_h2_to_he4>    65    41
 reaction name <r_he4_to_h2_h2>    66   321
 net eps_nuc:    1164.4497956886546     

 reaction name <r_he4_ne20_to_c12_c12>    67   299
 reaction name <r_c12_c12_to_he4_ne20>    68   300
 net eps_nuc:    1164.4497956886546     

 reaction name <r_neut_he3_to_h2_h2>    69   319
 reaction name <r_h2_h2_to_neut_he3>    70   318
 net eps_nuc:    1164.4497956886546     

 reaction name <r_h1_h1_he4_to_he3_he3>    71   320
 reaction name <r_he3_he3_to_h1_h1_he4>    72    44
 net eps_nuc:    1164.4497956886546     

 reaction name <r_h1_h2_to_neut_h1_h1>    73   315
 reaction name <r_neut_h1_h1_to_h1_h2>    74   314
 net eps_nuc:    1164.4497956886546     

 reaction name <r_c12_o16_to_he4_mg24>    75   365
 reaction name <r_he4_mg24_to_c12_o16>    76   301
 net eps_nuc:    1164.4497956886546     

 reaction name <r_h1_he4_to_h2_he3>    77   322
 reaction name <r_h2_he3_to_h1_he4>    78    42
 net eps_nuc:    1164.4497956886546     

 reaction name <r_h2_c13_to_neut_n14>    79   331
 reaction name <r_neut_n14_to_h2_c13>    80   330
 net eps_nuc:    1164.4497956886546     

 reaction name <r_n13_wk_c13>    81   329
 eps_nuc:    1164.4497956886546     

 reaction name <r_h1_he3_wk_he4>    82   246
 eps_nuc:    1164.4497956886546     

 reaction name <r_f18_wk_o18>    83   350
 eps_nuc:    1164.4497956886546     

 reaction name <r_h1_h1_ec_h2>    84   237
 eps_nuc:   -34859.602428246602     

 reaction name <r_neut_wk-minus_h1>    85   313
 eps_nuc:   -581.12378665721451     

 reaction name <r_h1_wk_neut>    86   312
 eps_nuc:   -581.73521426417665     

 reaction name <r_c14_wk-minus_n14>    87   336
 eps_nuc:   -546.43572414619030     

 reaction name <r_h1_h1_wk_h2>    88   236
 eps_nuc:    452018.27161448123     

 reaction name <r_o18_wk-minus_f18>    89   351
 eps_nuc:   -457.64645449867521     


                                log temp         8.301029996
                                 log rho         6.600000000

                            log(eps_nuc)        19.485199378

                                 eps_nuc     0.305632390E+20

                            d_lneps_dlnT         7.557537361
                          d_lneps_dlnRho         1.186930922


 summary of log raw rates

                            r_f18_np_o18        14.855286659
                            r_n13_np_c13        14.612245522
                      r_h2_he3_to_h1_he4        12.692509463
                     r_h2_h2_to_neut_he3        12.681005215
                            r_n13_ng_n14        12.641198669
                            r_n14_np_c14        12.088756713
                          r_ne21_ng_ne22        11.928721883
                            r_neut_pg_h2        11.142865298
                            r_o17_na_c14        11.111738364
                          r_ne20_ng_ne21        10.467687884
                            r_o16_ng_o17        10.115524618
                            r_c12_ng_c13         9.785815834
                            r_c13_ng_c14         9.684603088
                            r_he3_ng_he4         9.680929370
                  r_he3_he3_to_h1_h1_he4         8.684646513
                            r_o17_ng_o18         8.456284930
                             r_h2_pg_he3         7.968722942
                           r_ne21_na_o18         7.798937655
                    r_h2_c13_to_neut_n14         7.591573915
                          r_h2_h2_to_he4         5.573202851
                            r_c13_pg_n14         5.074130008
                            r_c12_pg_n13         4.551556269
                            r_o17_pa_n14         4.145535246
                            r_o17_pg_f18         3.763231370
                   r_neut_h1_h1_to_h1_h2         3.293356797
                            r_c13_an_o16        -0.881486748
                    r_he4_he4_he4_to_c12        -1.783600472
                            r_n13_ap_o16        -2.309368873
                            r_n14_ag_f18        -2.888319054
                            r_n13_wk_c13        -2.935874127
                            r_c14_pn_n14        -3.204671546
                           r_o18_ag_ne22        -3.845174250
                            r_f18_wk_o18        -3.978059281
                           r_o17_an_ne20        -4.943198092
                           r_o17_ag_ne21        -5.697908149
                            r_c14_ag_o18        -6.410281332
                           r_f18_ap_ne21        -6.745576345
                            r_c12_ag_o16        -7.222545802
                           r_h1_h1_ec_h2        -8.046403307
                          r_ne21_an_mg24        -8.779631431
                         r_h1_he3_wk_he4        -9.551035458
                           r_h1_h1_wk_h2        -9.572812537
                           r_o18_an_ne21        -9.637703283
                      r_c14_wk-minus_n14       -11.414431580
                          r_ne20_ag_mg24       -11.620025796
                           r_o16_ag_ne20       -11.999494748
                           r_ne20_na_o17       -18.458469858
                            r_n14_ap_o17       -27.102329265
                   r_c12_c12_to_he4_ne20       -29.227786706
                            r_c14_an_o17       -34.384511804

 summary of screening factors

                      r_neut_wk-minus_h1     0.145625802E+40
                            r_h1_wk_neut     0.750074490E+26
                   r_c12_o16_to_he4_mg24     0.514788949E+02
                            r_f18_wk_o18     0.245915082E+02
                   r_c12_c12_to_he4_ne20     0.217117608E+02
                          r_ne21_an_mg24     0.568962506E+01
                          r_ne20_ag_mg24     0.568959756E+01
                           r_f18_ap_ne21     0.494351904E+01
                    r_he4_he4_he4_to_c12     0.464056712E+01
                           r_o18_an_ne21     0.427356648E+01
                           r_o18_ag_ne22     0.427356648E+01
                           r_o17_an_ne20     0.427354316E+01
                           r_o17_ag_ne21     0.427354316E+01
                           r_o16_ag_ne20     0.427351701E+01
                            r_n14_ap_o17     0.367327084E+01
                            r_n14_ag_f18     0.367327084E+01
                            r_n13_ap_o16     0.367324132E+01
                            r_c14_an_o17     0.313717066E+01
                            r_c14_ag_o18     0.313717066E+01
                            r_c13_an_o16     0.313714866E+01
                            r_c12_ag_o16     0.313712315E+01
                            r_o18_pn_f18     0.256759840E+01
                            r_o17_pg_f18     0.256759569E+01
                            r_o17_pa_n14     0.256759569E+01
                    r_h2_c13_to_neut_n14     0.233745627E+01
                            r_c14_pn_n14     0.233723418E+01
                            r_c13_pg_n14     0.233723193E+01
                            r_c12_pg_n13     0.233722930E+01
                  r_he3_he3_to_h1_h1_he4     0.186836810E+01
                      r_h2_he3_to_h1_he4     0.142515032E+01
                         r_h1_he3_wk_he4     0.142515032E+01
                             r_h2_pg_he3     0.119379660E+01
                          r_h2_h2_to_he4     0.119379660E+01
                     r_h2_h2_to_neut_he3     0.119379660E+01
                   r_h1_h2_to_neut_h1_h1     0.119379660E+01
                           r_h1_h1_ec_h2     0.119379660E+01
                           r_h1_h1_wk_h2     0.119379660E+01
                      r_o18_wk-minus_f18     0.135281090E-14

 summary of log screened rates (reactions/gm/sec)

                            r_f18_np_o18        14.855286659
                            r_n13_np_c13        14.612245522
                      r_h2_he3_to_h1_he4        12.846370137
                     r_h2_h2_to_neut_he3        12.757935552
                            r_n13_ng_n14        12.641198669
                            r_n14_np_c14        12.088756713
                          r_ne21_ng_ne22        11.928721883
                            r_neut_pg_h2        11.142865298
                            r_o17_na_c14        11.111738364
                          r_ne20_ng_ne21        10.467687884
                            r_o16_ng_o17        10.115524618
                            r_c12_ng_c13         9.785815834
                            r_c13_ng_c14         9.684603088
                            r_he3_ng_he4         9.680929370
                  r_he3_he3_to_h1_h1_he4         8.956108957
                            r_o17_ng_o18         8.456284930
                             r_h2_pg_he3         8.045653279
                    r_h2_c13_to_neut_n14         7.960317409
                           r_ne21_na_o18         7.798937655
                          r_h2_h2_to_he4         5.650133188
                            r_c13_pg_n14         5.442831818
                            r_c12_pg_n13         4.920257591
                            r_o17_pa_n14         4.555061884
                            r_o17_pg_f18         4.172758008
                   r_neut_h1_h1_to_h1_h2         3.293356797
                            r_c13_an_o16        -0.384951648
                    r_he4_he4_he4_to_c12        -1.117029414
                            r_n13_ap_o16        -1.744319412
                            r_n14_ag_f18        -2.323266103
                            r_f18_wk_o18        -2.587274117
                            r_c14_pn_n14        -2.835969317
                            r_n13_wk_c13        -2.935874127
                           r_o18_ag_ne22        -3.214383785
                      r_neut_wk-minus_h1        -3.831915379
                           r_o17_an_ne20        -4.312409998
                           r_o17_ag_ne21        -5.067120055
                            r_c14_ag_o18        -5.913743187
                           r_f18_ap_ne21        -6.051540134
                            r_c12_ag_o16        -6.726014235
                           r_h1_h1_ec_h2        -7.969472970
                          r_ne21_an_mg24        -8.024547784
                           r_o18_an_ne21        -9.006912818
                         r_h1_he3_wk_he4        -9.397174784
                           r_h1_h1_wk_h2        -9.495882200
                          r_ne20_ag_mg24       -10.864944248
                           r_o16_ag_ne20       -11.368709311
                      r_c14_wk-minus_n14       -11.414431580
                            r_h1_wk_neut       -16.819019318
                           r_ne20_na_o17       -18.458469858
                            r_n14_ap_o17       -26.537276314
                   r_c12_c12_to_he4_ne20       -27.891091660
                            r_c14_an_o17       -33.887973659
                   r_c12_o16_to_he4_mg24       -39.847000659



 energy generation by category

                                category   log rate (erg/g/sec)

                                     cno        19.485187   0.305624E+20
                                tri_alfa        14.927723   0.846686E+15
                                  burn_n        12.371994   0.235502E+13
                                      pp         5.619657   0.416541E+06
                                  burn_o         4.084118   0.121372E+05
                                   other         1.540180   0.346881E+02




 summary of isotope mass abundance changes

                                 isotope        x initial         dx_dt   

                                     n13     0.100000E-98     0.211879E+03
                                     c12     0.470000E-01    -0.195579E+03
                                      h1     0.500000E-01    -0.162984E+02
                                     he4     0.846450E+00    -0.144973E-02
                                     f18     0.100000E-98     0.995200E-05
                                     n14     0.770000E-02    -0.767844E-05
                                     c14     0.850000E-03    -0.622234E-07
                                    neut     0.100000E-98     0.442886E-08
                                     o16     0.470000E-01     0.249205E-08
                                     o18     0.100000E-98     0.282073E-09
                                      h2     0.100000E-98     0.276186E-10
                                    ne20     0.100000E-98     0.531912E-13
                                     o17     0.100000E-98     0.574218E-29


 summary of d_eps_nuc_dx

                                 isotope     d_eps_nuc_dx

                                    neut     0.15587041064487E+29
                                      h2     0.14719797643475E+26
                                     c13     0.77678343427258E+22
                                     c12     0.65026361656711E+21
                                      h1     0.61124779949809E+21
                                     o17     0.35823611111736E+21
                                     he4     0.30036211347574E+16
                                     n13     0.16069453167753E+16
                                     n14     0.30584614255343E+15
                                     o18     0.66940330719824E+14
                                     f18    -0.27689702501920E+14
                                     c14    -0.30357153165141E+13
                                    ne21     0.23479661721099E+09
                                     he3     0.65514825542942E+08
                                    ne20     0.12980266968171E+07
                                     o16     0.25823812272518E+06


