  **************** Basic **************** 

 ecap Q:    6.6688917139999973     
 ecap Q:    5.4906917139999969     
 ecap Q:    7.2747473730000003     
 ecap Q:   -7.2747473730000003     
 ecap Q:    0.0000000000000000     
 ecap Q:   0.15647601999999949     
 ecap Q:   -1.0353398616241405E-002
 ecap Q:   -1.6552230720000001     


                                log temp         8.300000000
                                 log rho         6.200000000

                            log(eps_nuc)        18.986562571

                                 eps_nuc     0.969532944E+19

                            d_lneps_dlnT         7.386708793
                          d_lneps_dlnRho         1.244083721


 summary of log raw rates

                  r_he3_he3_to_h1_h1_he4         8.278149038
                           rbe7pg_b8_aux         4.451235857
                            r_c12_pg_n13         4.143194252
                                 r34_pp2         3.844699675
                                 r34_pp3         3.844699675
                    r_he4_he4_he4_to_c12        -2.603127188
                            r_n13_ap_o16        -2.729975869
                          rbe7ec_li7_aux        -3.297918006
                            r_n14_ag_f18        -3.312786454
                            r_f18_wk_o18        -3.977716189
                           r_o18_ag_ne22        -4.266695085
                            r_c14_ag_o18        -7.163644203
                            r_c12_ag_o16        -7.639720782
                           r_f18_ap_ne21        -7.774839756
                             rpep_to_he3        -8.847735947
                         r_h1_he3_wk_he4        -9.953955535
                              rpp_to_he3        -9.974612343
                      r_c14_wk-minus_n14       -11.414171003
                          r_ne20_ag_mg24       -12.065856870
                           r_o16_ag_ne20       -12.424622729
                                rn14ecap       -12.761830287
                   r_c12_c12_to_he4_ne20       -29.676193917

 summary of screening factors

                   r_c12_o16_to_he4_mg24     0.176256237E+02
                            r_f18_wk_o18     0.974204763E+01
                   r_c12_c12_to_he4_ne20     0.931911227E+01
                          r_ne20_ag_mg24     0.358409518E+01
                           r_f18_ap_ne21     0.323013322E+01
                    r_he4_he4_he4_to_c12     0.321233611E+01
                           r_o18_ag_ne22     0.290076076E+01
                           r_o16_ag_ne20     0.290074728E+01
                            r_n14_ag_f18     0.259474687E+01
                            r_n13_ap_o16     0.259473850E+01
                            r_c14_ag_o18     0.231122030E+01
                            r_c12_ag_o16     0.231120625E+01
                            r_c12_pg_n13     0.189860487E+01
                           rbe7pg_b8_aux     0.156479032E+01
                                 r34_pp3     0.155419061E+01
                  r_he3_he3_to_h1_h1_he4     0.155418935E+01
                         r_h1_he3_wk_he4     0.125148456E+01
                              rpp_to_he3     0.111869771E+01
                             rpep_to_he3     0.111869771E+01
                                 r34_pp2     0.185778619E-06
                      r_o18_wk-minus_f18     0.183084706E-10

 summary of log screened rates (reactions/gm/sec)

                  r_he3_he3_to_h1_h1_he4         8.469652967
                           rbe7pg_b8_aux         4.645692008
                            r_c12_pg_n13         4.421628843
                                 r34_pp3         4.036203955
                    r_he4_he4_he4_to_c12        -2.096306208
                            r_n13_ap_o16        -2.315882273
                                 r34_pp2        -2.886304595
                            r_n14_ag_f18        -2.898691457
                            r_f18_wk_o18        -2.989065940
                          rbe7ec_li7_aux        -3.297918006
                           r_o18_ag_ne22        -3.804183174
                            r_c14_ag_o18        -6.799802860
                           r_f18_ap_ne21        -7.265619322
                            r_c12_ag_o16        -7.275882078
                             rpep_to_he3        -8.799023199
                         r_h1_he3_wk_he4        -9.856530039
                              rpp_to_he3        -9.925899595
                      r_c14_wk-minus_n14       -11.414171003
                          r_ne20_ag_mg24       -11.511477335
                           r_o16_ag_ne20       -11.962112835
                                rn14ecap       -12.761830287
                   r_c12_c12_to_he4_ne20       -28.706819373

 summary of log energy generation (reactions/gm/sec)

                            r_c12_pg_n13        18.986558564
                    r_he4_he4_he4_to_c12        13.948445742
                            r_n14_ag_f18        11.796568378
                            r_c12_ag_o16         8.482066479
                            r_c14_ag_o18         7.087722883
                             rpep_to_he3         7.021975205
                              rpp_to_he3         5.979525414
                           r_o16_ag_ne20         3.490714690
                      r_c14_wk-minus_n14         1.548029009
                   r_c12_c12_to_he4_ne20       -15.173193450
                   r_c12_o16_to_he4_mg24       -26.897877966



 energy generation by category

                                category   log rate (erg/g/sec)

                                     cno        18.986559   0.969524E+19
                                tri_alfa        13.948446   0.888067E+14
                                  burn_n        11.796568   0.625991E+12
                                  burn_c         8.499239   0.315674E+09
                                      pp         7.059676   0.114730E+08
                                  burn_o         3.490715   0.309539E+04
                                   other         1.548029   0.353207E+02

             log10(-photodisintegration)       -99.000000  -0.000000E+00



 summary of isotope mass abundance changes

                                 isotope        x initial         dx_dt   

                                     n13     0.100000E-98     0.672139E+02
                                     c12     0.470000E-01    -0.620434E+02
                                      h1     0.500000E-01    -0.517030E+01
                                     he4     0.846450E+00    -0.152415E-03
                                     f18     0.100000E-98     0.264536E-05
                                     n14     0.770000E-02    -0.205750E-05
                                     o16     0.470000E-01     0.702569E-09
                                     o18     0.100000E-98     0.366692E-10
                                     c14     0.850000E-03    -0.285225E-10
                                     he3     0.100000E-98     0.640150E-11
                                    ne20     0.100000E-98     0.135655E-13


 summary of d_eps_nuc_dx

                                 isotope     d_eps_nuc_dx

                                     he3     0.96613436342067E+22
                                     c12     0.20628170223421E+21
                                      h1     0.19390480009455E+21
                                     n13     0.39601975681715E+15
                                     he4     0.31548988515908E+15
                                     n14     0.81297586595617E+14
                                     o18     0.17214266258046E+14
                                     f18    -0.56805102761457E+12
                                     c14     0.14398100839940E+11
                                    ne20     0.29292101995005E+06
                                     o16     0.65859257764068E+05
                                    ne21    -0.16244938202702E-34

                                           Q total          Q neutrino    Q total-neutrino
                    rpp_to_he3        6.9356917140        0.2668000000        6.6688917140
                   rpep_to_he3        6.9356917140        1.4450000000        5.4906917140
               r_h1_he3_wk_he4       19.7952684950        9.6280000000       10.1672684950
        r_he3_he3_to_h1_h1_he4       12.8595767810        0.0000000000       12.8595767810
        r_h1_h1_he4_to_he3_he3      -12.8595767810        0.0000000000      -12.8595767810
                       r34_pp2       19.7952684950        0.8000000000       18.9952684950
                       r34_pp3       19.7952684950        6.7350000000       13.0602684950
          r_he4_he4_he4_to_c12        7.2747473730        0.0000000000        7.2747473730
          r_c12_to_he4_he4_he4       -7.2747473730        0.0000000000       -7.2747473730
                rbe7ec_li7_aux        0.0000000000        0.0000000000        0.0000000000
                 rbe7pg_b8_aux        0.0000000000        0.0000000000        0.0000000000
                  r_c12_ag_o16        7.1619172100        0.0000000000        7.1619172100
                  r_n13_ap_o16        5.2184296060        0.0000000000        5.2184296060
                  r_n13_gp_c12       -1.9434876040        0.0000000000       -1.9434876040
                      rn14ecap        0.0000000000        0.0000000000        0.0000000000
                  r_n14_ag_f18        4.4146319040        0.0000000000        4.4146319040
                 r_o16_ag_ne20        4.7298460010        0.0000000000        4.7298460010
                  r_o16_ga_c12       -7.1619172100        0.0000000000       -7.1619172100
                 r_o18_ag_ne22        9.6681091790        0.0000000000        9.6681091790
                 r_f18_ap_ne21        1.7414240640        0.0000000000        1.7414240640
                r_ne20_ag_mg24        9.3165521630        0.0000000000        9.3165521630
                 r_ne20_ga_o16       -4.7298460010        0.0000000000       -4.7298460010
                 r_ne22_ga_o18       -9.6681091790        0.0000000000       -9.6681091790
                r_mg24_ga_ne20       -9.3165521630        0.0000000000       -9.3165521630
                  r_c12_pg_n13        1.9434876040        0.0000000000        1.9434876040
                  r_c14_ag_o18        6.2263309960        0.0000000000        6.2263309960
            r_c14_wk-minus_n14        0.1564760200        0.0000000000        0.1564760200
                  r_o16_pa_n13       -5.2184296060        0.0000000000       -5.2184296060
                  r_o18_ga_c14       -6.2263309960        0.0000000000       -6.2263309960
                  r_f18_ga_n14       -4.4146319040        0.0000000000       -4.4146319040
          weaklib r_f18_wk_o18        1.6552230720        1.6655764706       -0.0103533986
    weaklib r_o18_wk-minus_f18       -1.6552230720        0.0000000000       -1.6552230720
         r_c12_c12_to_he4_ne20        4.6170158380        0.0000000000        4.6170158380
         r_he4_ne20_to_c12_c12       -4.6170158380        0.0000000000       -4.6170158380
                 r_ne21_pa_f18       -1.7414240640        0.0000000000       -1.7414240640
         r_c12_o16_to_he4_mg24        6.7716507910        0.0000000000        6.7716507910
         r_he4_mg24_to_c12_o16       -6.7716507910        0.0000000000       -6.7716507910


