  **************** Basic **************** 

 ecap Q:    6.6688917139999973     
 ecap Q:    5.4906917139999969     
 ecap Q:    7.2747473730000003     
 ecap Q:   -7.2747473730000003     
 ecap Q:    0.0000000000000000     
 ecap Q:   0.15647601999999949     
 ecap Q:   0.42211940711034512     
 ecap Q:   -1.6552230720000001     


                                log temp         8.300000000
                                 log rho         5.400000000

                            log(eps_nuc)        18.024481855

                                 eps_nuc     0.105799071E+19

                            d_lneps_dlnT         7.716994906
                          d_lneps_dlnRho         1.133962641


 summary of log raw rates

                  r_he3_he3_to_h1_h1_he4         7.478149038
                           rbe7pg_b8_aux         3.651235857
                            r_c12_pg_n13         3.343194252
                                 r34_pp2         3.044699675
                                 r34_pp3         3.044699675
                            r_n13_ap_o16        -3.529975869
                            r_f18_wk_o18        -3.977716189
                          rbe7ec_li7_aux        -4.097918006
                            r_n14_ag_f18        -4.112786454
                    r_he4_he4_he4_to_c12        -4.203127188
                           r_o18_ag_ne22        -5.066695085
                            r_c14_ag_o18        -7.963644203
                            r_c12_ag_o16        -8.439720782
                           r_f18_ap_ne21        -8.574839756
                             rpep_to_he3       -10.447735947
                         r_h1_he3_wk_he4       -10.753955535
                              rpp_to_he3       -10.774612343
                      r_c14_wk-minus_n14       -11.414171003
                          r_ne20_ag_mg24       -12.865856870
                           r_o16_ag_ne20       -13.224622729
                                rn14ecap       -16.018927344
                   r_c12_c12_to_he4_ne20       -30.476193917

 summary of screening factors

                   r_c12_o16_to_he4_mg24     0.444745437E+01
                   r_c12_c12_to_he4_ne20     0.316754617E+01
                            r_f18_wk_o18     0.247539960E+01
                          r_ne20_ag_mg24     0.216334759E+01
                           r_f18_ap_ne21     0.205173137E+01
                           r_o18_ag_ne22     0.193310856E+01
                           r_o16_ag_ne20     0.193310787E+01
                            r_n14_ag_f18     0.180967789E+01
                            r_n13_ap_o16     0.180967754E+01
                    r_he4_he4_he4_to_c12     0.170931467E+01
                            r_c14_ag_o18     0.168354363E+01
                            r_c12_ag_o16     0.168354318E+01
                            r_c12_pg_n13     0.130724613E+01
                  r_he3_he3_to_h1_h1_he4     0.119556055E+01
                           rbe7pg_b8_aux     0.119556055E+01
                                 r34_pp3     0.119556036E+01
                         r_h1_he3_wk_he4     0.109341692E+01
                              rpp_to_he3     0.104566578E+01
                             rpep_to_he3     0.104566578E+01
                                 r34_pp2     0.187045616E-06
                      r_o18_wk-minus_f18     0.413933212E-07

 summary of log screened rates (reactions/gm/sec)

                  r_he3_he3_to_h1_h1_he4         7.555720615
                           rbe7pg_b8_aux         3.728807434
                            r_c12_pg_n13         3.459551617
                                 r34_pp3         3.122271184
                            r_n13_ap_o16        -3.272374674
                            r_f18_wk_o18        -3.584070873
                                 r34_pp2        -3.683352793
                            r_n14_ag_f18        -3.855185173
                    r_he4_he4_he4_to_c12        -3.970305168
                          rbe7ec_li7_aux        -4.097918006
                           r_o18_ag_ne22        -4.780438840
                            r_c14_ag_o18        -7.737419827
                            r_c12_ag_o16        -8.213496523
                           r_f18_ap_ne21        -8.262719257
                             rpep_to_he3       -10.428343052
                         r_h1_he3_wk_he4       -10.715169746
                              rpp_to_he3       -10.755219449
                      r_c14_wk-minus_n14       -11.414171003
                          r_ne20_ag_mg24       -12.530730566
                           r_o16_ag_ne20       -12.938366641
                                rn14ecap       -16.018927344
                   r_c12_c12_to_he4_ne20       -29.975470964

 summary of log energy generation (reactions/gm/sec)

                            r_c12_pg_n13        18.024481339
                    r_he4_he4_he4_to_c12        12.074446783
                            r_n14_ag_f18        10.840074663
                            r_c12_ag_o16         7.544452034
                            r_c14_ag_o18         6.150105916
                             rpep_to_he3         5.392655351
                              rpp_to_he3         5.150205560
                           r_o16_ag_ne20         2.514460884
                      r_c14_wk-minus_n14         1.548029009
                   r_c12_c12_to_he4_ne20       -16.441845041
                   r_c12_o16_to_he4_mg24       -28.295910959



 energy generation by category

                                category   log rate (erg/g/sec)

                                     cno        18.024481   0.105799E+19
                                tri_alfa        12.074447   0.118699E+13
                                  burn_n        10.840075   0.691950E+11
                                  burn_c         7.561624   0.364438E+08
                                      pp         5.589164   0.388297E+06
                                  burn_o         2.514461   0.326935E+03
                                   other         1.548029   0.353207E+02

             log10(-photodisintegration)       -99.000000  -0.000000E+00



 summary of isotope mass abundance changes

                                 isotope        x initial         dx_dt   

                                     n13     0.100000E-98     0.733469E+01
                                     c12     0.470000E-01    -0.677048E+01
                                      h1     0.500000E-01    -0.564207E+00
                                     he4     0.846450E+00    -0.209431E-05
                                     f18     0.100000E-98     0.292409E-06
                                     n14     0.770000E-02    -0.227430E-06
                                     o16     0.470000E-01     0.811102E-10
                                     o18     0.100000E-98     0.423336E-11
                                     c14     0.850000E-03    -0.329589E-11
                                     he3     0.100000E-98     0.205747E-12
                                    ne20     0.100000E-98     0.143279E-14


 summary of d_eps_nuc_dx

                                 isotope     d_eps_nuc_dx

                                     he3     0.11778901273287E+22
                                     c12     0.22510413925020E+20
                                      h1     0.21159789088834E+20
                                     n13     0.43774828362590E+14
                                     n14     0.89863625847666E+13
                                     f18     0.58960508182408E+13
                                     he4     0.42887343173439E+13
                                     o18     0.18181631409774E+13
                                     c14     0.16622557629880E+10
                                    ne20     0.28021882473750E+05
                                     o16     0.69560553018957E+04
                                    ne21    -0.16393752716386E-35

                                           Q total          Q neutrino    Q total-neutrino
                    rpp_to_he3        6.9356917140        0.2668000000        6.6688917140
                   rpep_to_he3        6.9356917140        1.4450000000        5.4906917140
               r_h1_he3_wk_he4       19.7952684950        9.6280000000       10.1672684950
        r_he3_he3_to_h1_h1_he4       12.8595767810        0.0000000000       12.8595767810
        r_h1_h1_he4_to_he3_he3      -12.8595767810        0.0000000000      -12.8595767810
                       r34_pp2       19.7952684950        0.8000000000       18.9952684950
                       r34_pp3       19.7952684950        6.7350000000       13.0602684950
          r_he4_he4_he4_to_c12        7.2747473730        0.0000000000        7.2747473730
          r_c12_to_he4_he4_he4       -7.2747473730        0.0000000000       -7.2747473730
                rbe7ec_li7_aux        0.0000000000        0.0000000000        0.0000000000
                 rbe7pg_b8_aux        0.0000000000        0.0000000000        0.0000000000
                  r_c12_ag_o16        7.1619172100        0.0000000000        7.1619172100
                  r_n13_ap_o16        5.2184296060        0.0000000000        5.2184296060
                  r_n13_gp_c12       -1.9434876040        0.0000000000       -1.9434876040
                      rn14ecap        0.0000000000        0.0000000000        0.0000000000
                  r_n14_ag_f18        4.4146319040        0.0000000000        4.4146319040
                 r_o16_ag_ne20        4.7298460010        0.0000000000        4.7298460010
                  r_o16_ga_c12       -7.1619172100        0.0000000000       -7.1619172100
                 r_o18_ag_ne22        9.6681091790        0.0000000000        9.6681091790
                 r_f18_ap_ne21        1.7414240640        0.0000000000        1.7414240640
                r_ne20_ag_mg24        9.3165521630        0.0000000000        9.3165521630
                 r_ne20_ga_o16       -4.7298460010        0.0000000000       -4.7298460010
                 r_ne22_ga_o18       -9.6681091790        0.0000000000       -9.6681091790
                r_mg24_ga_ne20       -9.3165521630        0.0000000000       -9.3165521630
                  r_c12_pg_n13        1.9434876040        0.0000000000        1.9434876040
                  r_c14_ag_o18        6.2263309960        0.0000000000        6.2263309960
            r_c14_wk-minus_n14        0.1564760200        0.0000000000        0.1564760200
                  r_o16_pa_n13       -5.2184296060        0.0000000000       -5.2184296060
                  r_o18_ga_c14       -6.2263309960        0.0000000000       -6.2263309960
                  r_f18_ga_n14       -4.4146319040        0.0000000000       -4.4146319040
          weaklib r_f18_wk_o18        1.6552230720        1.2331036649        0.4221194071
    weaklib r_o18_wk-minus_f18       -1.6552230720        0.0000000000       -1.6552230720
         r_c12_c12_to_he4_ne20        4.6170158380        0.0000000000        4.6170158380
         r_he4_ne20_to_c12_c12       -4.6170158380        0.0000000000       -4.6170158380
                 r_ne21_pa_f18       -1.7414240640        0.0000000000       -1.7414240640
         r_c12_o16_to_he4_mg24        6.7716507910        0.0000000000        6.7716507910
         r_he4_mg24_to_c12_o16       -6.7716507910        0.0000000000       -6.7716507910


