  **************** Basic **************** 

 ecap Q:    6.6688917139999973     
 ecap Q:    5.4906917139999969     
 ecap Q:    7.2747473730000003     
 ecap Q:   -7.2747473730000003     
 ecap Q:    0.0000000000000000     
 ecap Q:   0.15647601999999949     
 ecap Q:  -0.37585874712913059     
 ecap Q:   -1.6552230720000001     


                                log temp         8.300000000
                                 log rho         7.000000000

                            log(eps_nuc)        19.897508508

                                 eps_nuc     0.789784321E+20

                            d_lneps_dlnT         8.262132463
                          d_lneps_dlnRho         0.952566850


 summary of log raw rates

                  r_he3_he3_to_h1_h1_he4         9.078149038
                           rbe7pg_b8_aux         5.251235857
                            r_c12_pg_n13         4.943194252
                                 r34_pp2         4.644699675
                                 r34_pp3         4.644699675
                    r_he4_he4_he4_to_c12        -1.003127188
                            r_n13_ap_o16        -1.929975869
                          rbe7ec_li7_aux        -2.497918006
                            r_n14_ag_f18        -2.512786454
                           r_o18_ag_ne22        -3.466695085
                            r_f18_wk_o18        -3.977716189
                            r_c14_ag_o18        -6.363644203
                            r_c12_ag_o16        -6.839720782
                           r_f18_ap_ne21        -6.974839756
                             rpep_to_he3        -7.247735947
                         r_h1_he3_wk_he4        -9.153955535
                              rpp_to_he3        -9.174612343
                                rn14ecap       -10.380647211
                          r_ne20_ag_mg24       -11.265856870
                      r_c14_wk-minus_n14       -11.414171003
                           r_o16_ag_ne20       -11.624622729
                   r_c12_c12_to_he4_ne20       -28.876193917

 summary of screening factors

                   r_c12_o16_to_he4_mg24     0.224857865E+03
                   r_c12_c12_to_he4_ne20     0.696860461E+02
                            r_f18_wk_o18     0.662317962E+02
                          r_ne20_ag_mg24     0.108889767E+02
                    r_he4_he4_he4_to_c12     0.937367879E+01
                           r_f18_ap_ne21     0.900027174E+01
                           r_o18_ag_ne22     0.738701208E+01
                           r_o16_ag_ne20     0.738679682E+01
                            r_n14_ag_f18     0.601388173E+01
                            r_n13_ap_o16     0.601376006E+01
                            r_c14_ag_o18     0.485115999E+01
                            r_c12_ag_o16     0.485097499E+01
                           r_ne21_pa_f18     0.362390495E+01
                            r_c12_pg_n13     0.245091218E+01
                           rbe7pg_b8_aux     0.233752688E+01
                                 r34_pp3     0.219112666E+01
                  r_he3_he3_to_h1_h1_he4     0.219102294E+01
                         r_h1_he3_wk_he4     0.172709837E+01
                              rpp_to_he3     0.132544249E+01
                             rpep_to_he3     0.132544249E+01
                                 r34_pp2     0.175330903E-06
                      r_o18_wk-minus_f18     0.866774251E-20

 summary of log screened rates (reactions/gm/sec)

                  r_he3_he3_to_h1_h1_he4         9.418795962
                           rbe7pg_b8_aux         5.619992472
                            r_c12_pg_n13         5.332522002
                                 r34_pp3         4.985367159
                    r_he4_he4_he4_to_c12        -0.031217121
                            r_n13_ap_o16        -1.150829773
                            r_n14_ag_f18        -1.733631571
                                 r34_pp2        -2.111441855
                            r_f18_wk_o18        -2.156649656
                          rbe7ec_li7_aux        -2.497918006
                           r_o18_ag_ne22        -2.598226275
                            r_c14_ag_o18        -5.677798605
                           r_f18_ap_ne21        -6.020584134
                            r_c12_ag_o16        -6.153891746
                             rpep_to_he3        -7.125375056
                         r_h1_he3_wk_he4        -8.916638460
                              rpp_to_he3        -9.052251453
                          r_ne20_ag_mg24       -10.228869799
                                rn14ecap       -10.380647211
                           r_o16_ag_ne20       -10.756166576
                      r_c14_wk-minus_n14       -11.414171003
                   r_c12_c12_to_he4_ne20       -27.033048093
                   r_c12_o16_to_he4_mg24       -38.868164748

 summary of log energy generation (reactions/gm/sec)

                            r_c12_pg_n13        19.897451724
                    r_he4_he4_he4_to_c12        16.013534830
                            r_n14_ag_f18        12.961628265
                            r_c12_ag_o16         9.604056810
                             rpep_to_he3         8.695623347
                            r_c14_ag_o18         8.209727138
                              rpp_to_he3         6.853173556
                           r_o16_ag_ne20         4.696660949
                      r_c14_wk-minus_n14         1.548029009
                   r_c12_c12_to_he4_ne20       -13.499422170
                   r_c12_o16_to_he4_mg24       -24.992114377



 energy generation by category

                                category   log rate (erg/g/sec)

                                     cno        19.897452   0.789681E+20
                                tri_alfa        16.013535   0.103166E+17
                                  burn_n        12.961628   0.915437E+13
                                  burn_c         9.621230   0.418051E+10
                                      pp         8.701821   0.503293E+09
                                  burn_o         4.696661   0.497349E+05
                                   other         1.548029   0.353207E+02

             log10(-photodisintegration)       -99.000000  -0.000000E+00



 summary of isotope mass abundance changes

                                 isotope        x initial         dx_dt   

                                     n13     0.100000E-98     0.547459E+03
                                     c12     0.470000E-01    -0.505330E+03
                                      h1     0.500000E-01    -0.421123E+02
                                     he4     0.846450E+00    -0.176461E-01
                                     f18     0.100000E-98     0.386852E-04
                                     n14     0.770000E-02    -0.300885E-04
                                     o16     0.470000E-01     0.930418E-08
                                     o18     0.100000E-98     0.485631E-09
                                     c14     0.850000E-03    -0.377396E-09
                                     he3     0.100000E-98     0.284292E-09
                                    ne20     0.100000E-98     0.217963E-12


 summary of d_eps_nuc_dx

                                 isotope     d_eps_nuc_dx

                                     he3     0.85941060503193E+23
                                     c12     0.16801724756296E+22
                                      h1     0.15793621270316E+22
                                     he4     0.36574910464072E+17
                                     n13     0.57912105189889E+16
                                     n14     0.11888786823143E+16
                                     o18     0.27659569373262E+15
                                     f18    -0.14044477316792E+15
                                     c14     0.19068138894178E+12
                                    ne20     0.56151074820033E+07
                                     o16     0.10581886307722E+07
                                    ne21    -0.15043990669481E-33

                                           Q total          Q neutrino    Q total-neutrino
                    rpp_to_he3        6.9356917140        0.2668000000        6.6688917140
                   rpep_to_he3        6.9356917140        1.4450000000        5.4906917140
               r_h1_he3_wk_he4       19.7952684950        9.6280000000       10.1672684950
        r_he3_he3_to_h1_h1_he4       12.8595767810        0.0000000000       12.8595767810
        r_h1_h1_he4_to_he3_he3      -12.8595767810        0.0000000000      -12.8595767810
                       r34_pp2       19.7952684950        0.8000000000       18.9952684950
                       r34_pp3       19.7952684950        6.7350000000       13.0602684950
          r_he4_he4_he4_to_c12        7.2747473730        0.0000000000        7.2747473730
          r_c12_to_he4_he4_he4       -7.2747473730        0.0000000000       -7.2747473730
                rbe7ec_li7_aux        0.0000000000        0.0000000000        0.0000000000
                 rbe7pg_b8_aux        0.0000000000        0.0000000000        0.0000000000
                  r_c12_ag_o16        7.1619172100        0.0000000000        7.1619172100
                  r_n13_ap_o16        5.2184296060        0.0000000000        5.2184296060
                  r_n13_gp_c12       -1.9434876040        0.0000000000       -1.9434876040
                      rn14ecap        0.0000000000        0.0000000000        0.0000000000
                  r_n14_ag_f18        4.4146319040        0.0000000000        4.4146319040
                 r_o16_ag_ne20        4.7298460010        0.0000000000        4.7298460010
                  r_o16_ga_c12       -7.1619172100        0.0000000000       -7.1619172100
                 r_o18_ag_ne22        9.6681091790        0.0000000000        9.6681091790
                 r_f18_ap_ne21        1.7414240640        0.0000000000        1.7414240640
                r_ne20_ag_mg24        9.3165521630        0.0000000000        9.3165521630
                 r_ne20_ga_o16       -4.7298460010        0.0000000000       -4.7298460010
                 r_ne22_ga_o18       -9.6681091790        0.0000000000       -9.6681091790
                r_mg24_ga_ne20       -9.3165521630        0.0000000000       -9.3165521630
                  r_c12_pg_n13        1.9434876040        0.0000000000        1.9434876040
                  r_c14_ag_o18        6.2263309960        0.0000000000        6.2263309960
            r_c14_wk-minus_n14        0.1564760200        0.0000000000        0.1564760200
                  r_o16_pa_n13       -5.2184296060        0.0000000000       -5.2184296060
                  r_o18_ga_c14       -6.2263309960        0.0000000000       -6.2263309960
                  r_f18_ga_n14       -4.4146319040        0.0000000000       -4.4146319040
          weaklib r_f18_wk_o18        1.6552230720        2.0310818191       -0.3758587471
    weaklib r_o18_wk-minus_f18       -1.6552230720        0.0000000000       -1.6552230720
         r_c12_c12_to_he4_ne20        4.6170158380        0.0000000000        4.6170158380
         r_he4_ne20_to_c12_c12       -4.6170158380        0.0000000000       -4.6170158380
                 r_ne21_pa_f18       -1.7414240640        0.0000000000       -1.7414240640
         r_c12_o16_to_he4_mg24        6.7716507910        0.0000000000        6.7716507910
         r_he4_mg24_to_c12_o16       -6.7716507910        0.0000000000       -6.7716507910


