  **************** Basic **************** 

 ecap Q:    6.6688917139999973     
 ecap Q:    5.4906917139999969     
 ecap Q:    7.2747473730000003     
 ecap Q:   -7.2747473730000003     
 ecap Q:    0.0000000000000000     
 ecap Q:   0.15647601999999949     
 ecap Q:    4.4420896832983559E-002
 ecap Q:   -1.6552230720000001     


                                log temp         8.300000000
                                 log rho         6.000000000

                            log(eps_nuc)        18.738379881

                                 eps_nuc     0.547494651E+19

                            d_lneps_dlnT         7.412435012
                          d_lneps_dlnRho         1.235498610


 summary of log raw rates

                  r_he3_he3_to_h1_h1_he4         8.078149038
                           rbe7pg_b8_aux         4.251235857
                            r_c12_pg_n13         3.943194252
                                 r34_pp2         3.644699675
                                 r34_pp3         3.644699675
                            r_n13_ap_o16        -2.929975869
                    r_he4_he4_he4_to_c12        -3.003127188
                          rbe7ec_li7_aux        -3.497918006
                            r_n14_ag_f18        -3.512786454
                            r_f18_wk_o18        -3.977716189
                           r_o18_ag_ne22        -4.466695085
                            r_c14_ag_o18        -7.363644203
                            r_c12_ag_o16        -7.839720782
                           r_f18_ap_ne21        -7.974839756
                             rpep_to_he3        -9.247735947
                         r_h1_he3_wk_he4       -10.153955535
                              rpp_to_he3       -10.174612343
                      r_c14_wk-minus_n14       -11.414171003
                          r_ne20_ag_mg24       -12.265856870
                           r_o16_ag_ne20       -12.624622729
                                rn14ecap       -13.886996225
                   r_c12_c12_to_he4_ne20       -29.876193917

 summary of screening factors

                   r_c12_o16_to_he4_mg24     0.114829986E+02
                   r_c12_c12_to_he4_ne20     0.665195789E+01
                            r_f18_wk_o18     0.663406408E+01
                          r_ne20_ag_mg24     0.299211184E+01
                           r_f18_ap_ne21     0.273671938E+01
                    r_he4_he4_he4_to_c12     0.268005552E+01
                           r_o18_ag_ne22     0.249577020E+01
                           r_o16_ag_ne20     0.249576288E+01
                            r_n14_ag_f18     0.230448166E+01
                            r_n13_ap_o16     0.230447713E+01
                            r_c14_ag_o18     0.221134413E+01
                            r_c12_ag_o16     0.221133742E+01
                            r_c12_pg_n13     0.169923537E+01
                  r_he3_he3_to_h1_h1_he4     0.142815598E+01
                           rbe7pg_b8_aux     0.142815598E+01
                                 r34_pp3     0.142815580E+01
                         r_h1_he3_wk_he4     0.119505480E+01
                              rpp_to_he3     0.109318562E+01
                             rpep_to_he3     0.109318562E+01
                                 r34_pp2     0.187045620E-06
                      r_o18_wk-minus_f18     0.126244414E-09

 summary of log screened rates (reactions/gm/sec)

                  r_he3_he3_to_h1_h1_he4         8.232924682
                           rbe7pg_b8_aux         4.406011502
                            r_c12_pg_n13         4.173447792
                                 r34_pp3         3.799475262
                            r_n13_ap_o16        -2.567403466
                    r_he4_he4_he4_to_c12        -2.574983396
                                 r34_pp2        -3.083352782
                            r_n14_ag_f18        -3.150213198
                            r_f18_wk_o18        -3.155936527
                          rbe7ec_li7_aux        -3.497918006
                           r_o18_ag_ne22        -4.069490489
                            r_c14_ag_o18        -7.018987869
                            r_c12_ag_o16        -7.495065766
                           r_f18_ap_ne21        -7.537609488
                             rpep_to_he3        -9.209042036
                         r_h1_he3_wk_he4       -10.076567713
                              rpp_to_he3       -10.135918432
                      r_c14_wk-minus_n14       -11.414171003
                          r_ne20_ag_mg24       -11.789879047
                           r_o16_ag_ne20       -12.227419408
                                rn14ecap       -13.886996225
                   r_c12_c12_to_he4_ne20       -29.053244426

 summary of log energy generation (reactions/gm/sec)

                            r_c12_pg_n13        18.738377513
                    r_he4_he4_he4_to_c12        13.469768554
                            r_n14_ag_f18        11.545046637
                            r_c12_ag_o16         8.262882790
                            r_c14_ag_o18         6.868537874
                             rpep_to_he3         6.611956368
                              rpp_to_he3         5.769506577
                           r_o16_ag_ne20         3.225408117
                      r_c14_wk-minus_n14         1.548029009
                   r_c12_c12_to_he4_ne20       -15.519618503
                   r_c12_o16_to_he4_mg24       -27.283967148



 energy generation by category

                                category   log rate (erg/g/sec)

                                     cno        18.738378   0.547492E+19
                                tri_alfa        13.469769   0.294964E+14
                                  burn_n        11.545047   0.350790E+12
                                  burn_c         8.280055   0.190570E+09
                                      pp         6.670280   0.468037E+07
                                  burn_o         3.225408   0.168038E+04
                                   other         1.548029   0.353207E+02

             log10(-photodisintegration)       -99.000000  -0.000000E+00



 summary of isotope mass abundance changes

                                 isotope        x initial         dx_dt   

                                     n13     0.100000E-98     0.379558E+02
                                     c12     0.470000E-01    -0.350360E+02
                                      h1     0.500000E-01    -0.291967E+01
                                     he4     0.846450E+00    -0.507574E-04
                                     f18     0.100000E-98     0.148239E-05
                                     n14     0.770000E-02    -0.115297E-05
                                     o16     0.470000E-01     0.424137E-09
                                     o18     0.100000E-98     0.221369E-10
                                     c14     0.850000E-03    -0.172208E-10
                                     he3     0.100000E-98     0.259157E-11
                                    ne20     0.100000E-98     0.736427E-14


 summary of d_eps_nuc_dx

                                 isotope     d_eps_nuc_dx

                                     he3     0.56015580865164E+22
                                     c12     0.11648758866610E+21
                                      h1     0.10949833334266E+21
                                     n13     0.22191959942062E+15
                                     he4     0.10495609472991E+15
                                     n14     0.45557083368119E+14
                                     o18     0.93450407621046E+13
                                     f18     0.16633713187459E+13
                                     c14     0.86920261483936E+10
                                    ne20     0.15429392454889E+06
                                     o16     0.35752816431466E+05
                                    ne21    -0.92615519491640E-35

                                           Q total          Q neutrino    Q total-neutrino
                    rpp_to_he3        6.9356917140        0.2668000000        6.6688917140
                   rpep_to_he3        6.9356917140        1.4450000000        5.4906917140
               r_h1_he3_wk_he4       19.7952684950        9.6280000000       10.1672684950
        r_he3_he3_to_h1_h1_he4       12.8595767810        0.0000000000       12.8595767810
        r_h1_h1_he4_to_he3_he3      -12.8595767810        0.0000000000      -12.8595767810
                       r34_pp2       19.7952684950        0.8000000000       18.9952684950
                       r34_pp3       19.7952684950        6.7350000000       13.0602684950
          r_he4_he4_he4_to_c12        7.2747473730        0.0000000000        7.2747473730
          r_c12_to_he4_he4_he4       -7.2747473730        0.0000000000       -7.2747473730
                rbe7ec_li7_aux        0.0000000000        0.0000000000        0.0000000000
                 rbe7pg_b8_aux        0.0000000000        0.0000000000        0.0000000000
                  r_c12_ag_o16        7.1619172100        0.0000000000        7.1619172100
                  r_n13_ap_o16        5.2184296060        0.0000000000        5.2184296060
                  r_n13_gp_c12       -1.9434876040        0.0000000000       -1.9434876040
                      rn14ecap        0.0000000000        0.0000000000        0.0000000000
                  r_n14_ag_f18        4.4146319040        0.0000000000        4.4146319040
                 r_o16_ag_ne20        4.7298460010        0.0000000000        4.7298460010
                  r_o16_ga_c12       -7.1619172100        0.0000000000       -7.1619172100
                 r_o18_ag_ne22        9.6681091790        0.0000000000        9.6681091790
                 r_f18_ap_ne21        1.7414240640        0.0000000000        1.7414240640
                r_ne20_ag_mg24        9.3165521630        0.0000000000        9.3165521630
                 r_ne20_ga_o16       -4.7298460010        0.0000000000       -4.7298460010
                 r_ne22_ga_o18       -9.6681091790        0.0000000000       -9.6681091790
                r_mg24_ga_ne20       -9.3165521630        0.0000000000       -9.3165521630
                  r_c12_pg_n13        1.9434876040        0.0000000000        1.9434876040
                  r_c14_ag_o18        6.2263309960        0.0000000000        6.2263309960
            r_c14_wk-minus_n14        0.1564760200        0.0000000000        0.1564760200
                  r_o16_pa_n13       -5.2184296060        0.0000000000       -5.2184296060
                  r_o18_ga_c14       -6.2263309960        0.0000000000       -6.2263309960
                  r_f18_ga_n14       -4.4146319040        0.0000000000       -4.4146319040
          weaklib r_f18_wk_o18        1.6552230720        1.6108021752        0.0444208968
    weaklib r_o18_wk-minus_f18       -1.6552230720        0.0000000000       -1.6552230720
         r_c12_c12_to_he4_ne20        4.6170158380        0.0000000000        4.6170158380
         r_he4_ne20_to_c12_c12       -4.6170158380        0.0000000000       -4.6170158380
                 r_ne21_pa_f18       -1.7414240640        0.0000000000       -1.7414240640
         r_c12_o16_to_he4_mg24        6.7716507910        0.0000000000        6.7716507910
         r_he4_mg24_to_c12_o16       -6.7716507910        0.0000000000       -6.7716507910


