  **************** Basic **************** 

 ecap Q:    6.6688917139999973     
 ecap Q:    5.4906917139999969     
 ecap Q:    7.2747473730000003     
 ecap Q:   -7.2747473730000003     
 ecap Q:    0.0000000000000000     
 ecap Q:   0.15647601999999949     
 ecap Q:   0.25412885377052996     
 ecap Q:   -1.6552230720000001     


                                log temp         8.477000000
                                 log rho         5.600000000

                            log(eps_nuc)        19.670453935

                                 eps_nuc     0.468224285E+20

                            d_lneps_dlnT         8.673192015
                          d_lneps_dlnRho         1.091539962


 summary of log raw rates

                  r_he3_he3_to_h1_h1_he4         8.713703359
                            r_c12_pg_n13         5.026024620
                           rbe7pg_b8_aux         4.700988870
                                 r34_pp2         4.325261911
                                 r34_pp3         4.325261911
                            r_n13_ap_o16        -0.054621463
                            r_n14_ag_f18        -0.502623024
                    r_he4_he4_he4_to_c12        -1.138601050
                           r_o18_ag_ne22        -1.780650492
                           r_f18_ap_ne21        -3.701649898
                          rbe7ec_li7_aux        -3.914906177
                            r_f18_wk_o18        -3.977716189
                            r_c14_ag_o18        -4.266363799
                            r_c12_ag_o16        -5.498727822
                          r_ne20_ag_mg24        -6.206479859
                           r_o16_ag_ne20        -6.840064156
                             rpep_to_he3        -9.837947531
                         r_h1_he3_wk_he4       -10.092182034
                              rpp_to_he3       -10.275357737
                      r_c14_wk-minus_n14       -11.414171003
                                rn14ecap       -14.345817732
                   r_c12_c12_to_he4_ne20       -22.511295711
                            r_n13_gp_c12       -24.069607651
                           r_ne21_pa_f18       -32.727690707
                   r_c12_o16_to_he4_mg24       -32.776014368

 summary of screening factors

                      r_o18_wk-minus_f18     0.409787328E+04
                            r_f18_wk_o18     0.328425788E+01
                   r_c12_o16_to_he4_mg24     0.310913174E+01
                   r_c12_c12_to_he4_ne20     0.240192181E+01
                          r_ne20_ag_mg24     0.182052288E+01
                           r_f18_ap_ne21     0.172624416E+01
                           r_o18_ag_ne22     0.163213749E+01
                           r_o16_ag_ne20     0.163213731E+01
                            r_n14_ag_f18     0.153882258E+01
                            r_n13_ap_o16     0.153882250E+01
                            r_c14_ag_o18     0.144676602E+01
                            r_c12_ag_o16     0.144676595E+01
                    r_he4_he4_he4_to_c12     0.144202631E+01
                           r_ne21_pa_f18     0.135668072E+01
                            r_c12_pg_n13     0.120084400E+01
                  r_he3_he3_to_h1_h1_he4     0.112977266E+01
                           rbe7pg_b8_aux     0.112977266E+01
                                 r34_pp3     0.112977264E+01
                         r_h1_he3_wk_he4     0.106290765E+01
                              rpp_to_he3     0.103097412E+01
                             rpep_to_he3     0.103097412E+01
                                 r34_pp2     0.254218064E-07

 summary of log screened rates (reactions/gm/sec)

                  r_he3_he3_to_h1_h1_he4         8.766694420
                            r_c12_pg_n13         5.105511213
                           rbe7pg_b8_aux         4.753979932
                                 r34_pp3         4.378252963
                            r_n13_ap_o16         0.132567064
                            r_n14_ag_f18        -0.315434474
                    r_he4_he4_he4_to_c12        -0.979627865
                           r_o18_ag_ne22        -1.567893751
                                 r34_pp2        -3.269531681
                            r_f18_wk_o18        -3.461278938
                           r_f18_ap_ne21        -3.464547675
                          rbe7ec_li7_aux        -3.914906177
                            r_c14_ag_o18        -4.105965499
                            r_c12_ag_o16        -5.338329543
                          r_ne20_ag_mg24        -5.946283719
                           r_o16_ag_ne20        -6.627307464
                             rpep_to_he3        -9.824699765
                         r_h1_he3_wk_he4       -10.065686503
                              rpp_to_he3       -10.262109972
                      r_c14_wk-minus_n14       -11.414171003
                                rn14ecap       -14.345817732
                   r_c12_c12_to_he4_ne20       -22.130736846
                            r_n13_gp_c12       -24.069607651
                   r_c12_o16_to_he4_mg24       -32.283375243
                           r_ne21_pa_f18       -32.595213053
                      r_o18_wk-minus_f18       -39.382595184

 summary of log energy generation (reactions/gm/sec)

                            r_c12_pg_n13        19.670440935
                    r_he4_he4_he4_to_c12        15.065124085
                            r_n14_ag_f18        14.379825361
                            r_c12_ag_o16        10.419619014
                            r_c14_ag_o18         9.781560244
                           r_o16_ag_ne20         8.825520061
                             rpep_to_he3         5.996298639
                              rpp_to_he3         5.643315038
                      r_c14_wk-minus_n14         1.548029009
                   r_c12_c12_to_he4_ne20        -8.597110923
                   r_c12_o16_to_he4_mg24       -18.407324872



 energy generation by category

                                category   log rate (erg/g/sec)

                                     cno        19.670441   0.468210E+20
                                tri_alfa        15.065124   0.116178E+16
                                  burn_n        14.379825   0.239787E+15
                                  burn_c        10.509564   0.323269E+11
                                  burn_o         8.825520   0.669145E+09
                                      pp         6.155753   0.143137E+07
                                   other         1.548029   0.353207E+02

             log10(-photodisintegration)       -99.000000  -0.000000E+00



 summary of isotope mass abundance changes

                                 isotope        x initial         dx_dt   

                                     n13     0.100000E-98     0.324595E+03
                                     c12     0.470000E-01    -0.299624E+03
                                      h1     0.500000E-01    -0.249688E+02
                                     he4     0.846450E+00    -0.221141E-02
                                     f18     0.100000E-98     0.101331E-02
                                     n14     0.770000E-02    -0.788129E-03
                                     o16     0.470000E-01     0.585023E-07
                                     o18     0.100000E-98     0.181192E-07
                                     c14     0.850000E-03    -0.140927E-07
                                    ne20     0.100000E-98     0.293253E-08
                                     he3     0.100000E-98     0.766555E-12
                                    mg24     0.100000E-98     0.143791E-35


 summary of d_eps_nuc_dx

                                 isotope     d_eps_nuc_dx

                                     he3     0.21236672819879E+23
                                     c12     0.99619206211630E+21
                                      h1     0.93642053786379E+21
                                     n13     0.11121572294755E+18
                                     n14     0.31141149254574E+17
                                     he4     0.44009231068206E+16
                                     o18     0.29660463821350E+16
                                     f18     0.11487154257506E+14
                                     c14     0.71144498204148E+13
                                    ne20     0.10763268002533E+12
                                     o16     0.14237121885694E+11
                                    ne21    -0.10160229757505E-16

                                           Q total          Q neutrino    Q total-neutrino
                    rpp_to_he3        6.9356917140        0.2668000000        6.6688917140
                   rpep_to_he3        6.9356917140        1.4450000000        5.4906917140
               r_h1_he3_wk_he4       19.7952684950        9.6280000000       10.1672684950
        r_he3_he3_to_h1_h1_he4       12.8595767810        0.0000000000       12.8595767810
        r_h1_h1_he4_to_he3_he3      -12.8595767810        0.0000000000      -12.8595767810
                       r34_pp2       19.7952684950        0.8000000000       18.9952684950
                       r34_pp3       19.7952684950        6.7350000000       13.0602684950
          r_he4_he4_he4_to_c12        7.2747473730        0.0000000000        7.2747473730
          r_c12_to_he4_he4_he4       -7.2747473730        0.0000000000       -7.2747473730
                rbe7ec_li7_aux        0.0000000000        0.0000000000        0.0000000000
                 rbe7pg_b8_aux        0.0000000000        0.0000000000        0.0000000000
                  r_c12_ag_o16        7.1619172100        0.0000000000        7.1619172100
                  r_n13_ap_o16        5.2184296060        0.0000000000        5.2184296060
                  r_n13_gp_c12       -1.9434876040        0.0000000000       -1.9434876040
                      rn14ecap        0.0000000000        0.0000000000        0.0000000000
                  r_n14_ag_f18        4.4146319040        0.0000000000        4.4146319040
                 r_o16_ag_ne20        4.7298460010        0.0000000000        4.7298460010
                  r_o16_ga_c12       -7.1619172100        0.0000000000       -7.1619172100
                 r_o18_ag_ne22        9.6681091790        0.0000000000        9.6681091790
                 r_f18_ap_ne21        1.7414240640        0.0000000000        1.7414240640
                r_ne20_ag_mg24        9.3165521630        0.0000000000        9.3165521630
                 r_ne20_ga_o16       -4.7298460010        0.0000000000       -4.7298460010
                 r_ne22_ga_o18       -9.6681091790        0.0000000000       -9.6681091790
                r_mg24_ga_ne20       -9.3165521630        0.0000000000       -9.3165521630
                  r_c12_pg_n13        1.9434876040        0.0000000000        1.9434876040
                  r_c14_ag_o18        6.2263309960        0.0000000000        6.2263309960
            r_c14_wk-minus_n14        0.1564760200        0.0000000000        0.1564760200
                  r_o16_pa_n13       -5.2184296060        0.0000000000       -5.2184296060
                  r_o18_ga_c14       -6.2263309960        0.0000000000       -6.2263309960
                  r_f18_ga_n14       -4.4146319040        0.0000000000       -4.4146319040
          weaklib r_f18_wk_o18        1.6552230720        1.4010942182        0.2541288538
    weaklib r_o18_wk-minus_f18       -1.6552230720        0.0000000000       -1.6552230720
         r_c12_c12_to_he4_ne20        4.6170158380        0.0000000000        4.6170158380
         r_he4_ne20_to_c12_c12       -4.6170158380        0.0000000000       -4.6170158380
                 r_ne21_pa_f18       -1.7414240640        0.0000000000       -1.7414240640
         r_c12_o16_to_he4_mg24        6.7716507910        0.0000000000        6.7716507910
         r_he4_mg24_to_c12_o16       -6.7716507910        0.0000000000       -6.7716507910


