  **************** Basic **************** 

 ecap Q:    6.6688917139999973     
 ecap Q:    5.4906917139999969     
 ecap Q:    7.2747473730000003     
 ecap Q:   -7.2747473730000003     
 ecap Q:    0.0000000000000000     
 ecap Q:   0.15647601999999949     
 ecap Q:   -1.7113481791282803E-002
 ecap Q:   -1.6552230720000001     


                                log temp         8.477000000
                                 log rho         6.200000000

                            log(eps_nuc)        20.349604217

                                 eps_nuc     0.223668187E+21

                            d_lneps_dlnT         8.400165975
                          d_lneps_dlnRho         1.182724178


 summary of log raw rates

                  r_he3_he3_to_h1_h1_he4         9.313703359
                            r_c12_pg_n13         5.626024620
                           rbe7pg_b8_aux         5.300988870
                                 r34_pp2         4.925261911
                                 r34_pp3         4.925261911
                            r_n13_ap_o16         0.545378537
                            r_n14_ag_f18         0.097376976
                    r_he4_he4_he4_to_c12         0.061398950
                           r_o18_ag_ne22        -1.180650492
                           r_f18_ap_ne21        -3.101649898
                          rbe7ec_li7_aux        -3.314906177
                            r_c14_ag_o18        -3.666363799
                            r_f18_wk_o18        -3.977716189
                            r_c12_ag_o16        -4.898727822
                          r_ne20_ag_mg24        -5.606479859
                           r_o16_ag_ne20        -6.240064156
                             rpep_to_he3        -8.637947531
                         r_h1_he3_wk_he4        -9.492182034
                              rpp_to_he3        -9.675357737
                      r_c14_wk-minus_n14       -11.414171003
                                rn14ecap       -12.516788989
                   r_c12_c12_to_he4_ne20       -21.911295711
                            r_n13_gp_c12       -24.069607651
                           r_ne21_pa_f18       -32.127690707
                   r_c12_o16_to_he4_mg24       -32.176014368

 summary of screening factors

                      r_o18_wk-minus_f18     0.473163351E+02
                            r_f18_wk_o18     0.975385447E+01
                   r_c12_o16_to_he4_mg24     0.644117493E+01
                   r_c12_c12_to_he4_ne20     0.422760886E+01
                          r_ne20_ag_mg24     0.237714977E+01
                           r_f18_ap_ne21     0.230329662E+01
                           r_o18_ag_ne22     0.219558433E+01
                           r_o16_ag_ne20     0.219558142E+01
                            r_n14_ag_f18     0.206718369E+01
                            r_n13_ap_o16     0.206718211E+01
                    r_he4_he4_he4_to_c12     0.204812425E+01
                            r_c14_ag_o18     0.192284341E+01
                            r_c12_ag_o16     0.192284124E+01
                           r_ne21_pa_f18     0.183387332E+01
                            r_c12_pg_n13     0.144077645E+01
                  r_he3_he3_to_h1_h1_he4     0.127564863E+01
                           rbe7pg_b8_aux     0.127564863E+01
                                 r34_pp3     0.127564861E+01
                         r_h1_he3_wk_he4     0.112944616E+01
                              rpp_to_he3     0.106275405E+01
                             rpep_to_he3     0.106275405E+01
                                 r34_pp2     0.254218065E-07

 summary of log screened rates (reactions/gm/sec)

                  r_he3_he3_to_h1_h1_he4         9.419434427
                            r_c12_pg_n13         5.784621223
                           rbe7pg_b8_aux         5.406719939
                                 r34_pp3         5.030992971
                            r_n13_ap_o16         0.860757275
                            r_n14_ag_f18         0.412756046
                    r_he4_he4_he4_to_c12         0.372755250
                           r_o18_ag_ne22        -0.839100370
                                 r34_pp2        -2.669531680
                           r_f18_ap_ne21        -2.739300027
                            r_f18_wk_o18        -2.988539917
                          rbe7ec_li7_aux        -3.314906177
                            r_c14_ag_o18        -3.382419881
                            r_c12_ag_o16        -4.614784395
                          r_ne20_ag_mg24        -5.230423314
                           r_o16_ag_ne20        -5.898514610
                             rpep_to_he3        -8.611514763
                         r_h1_he3_wk_he4        -9.439316499
                              rpp_to_he3        -9.648924970
                      r_c14_wk-minus_n14       -11.414171003
                                rn14ecap       -12.516788989
                   r_c12_c12_to_he4_ne20       -21.285200912
                            r_n13_gp_c12       -24.069607651
                   r_c12_o16_to_he4_mg24       -31.367049274
                           r_ne21_pa_f18       -31.864321374

 summary of log energy generation (reactions/gm/sec)

                            r_c12_pg_n13        20.349550944
                    r_he4_he4_he4_to_c12        16.417507200
                            r_n14_ag_f18        15.108015882
                            r_c12_ag_o16        11.143164162
                            r_c14_ag_o18        10.505105862
                           r_o16_ag_ne20         9.554312915
                             rpep_to_he3         7.209483640
                              rpp_to_he3         6.256500039
                      r_c14_wk-minus_n14         1.548029009
                   r_c12_c12_to_he4_ne20        -7.751574989
                   r_c12_o16_to_he4_mg24       -17.490998902



 energy generation by category

                                category   log rate (erg/g/sec)

                                     cno        20.349551   0.223641E+21
                                tri_alfa        16.417507   0.261521E+17
                                  burn_n        15.108016   0.128238E+16
                                  burn_c        11.233109   0.171045E+12
                                  burn_o         9.554313   0.358355E+10
                                      pp         7.255367   0.180039E+08
                                   other         1.548029   0.353207E+02

             log10(-photodisintegration)       -99.000000  -0.000000E+00



 summary of isotope mass abundance changes

                                 isotope        x initial         dx_dt   

                                     n13     0.100000E-98     0.155043E+04
                                     c12     0.470000E-01    -0.143112E+04
                                      h1     0.500000E-01    -0.119264E+03
                                     he4     0.846450E+00    -0.459148E-01
                                     f18     0.100000E-98     0.541917E-02
                                     n14     0.770000E-02    -0.421491E-02
                                     o16     0.470000E-01     0.309390E-06
                                     o18     0.100000E-98     0.958705E-07
                                     c14     0.850000E-03    -0.745659E-07
                                    ne20     0.100000E-98     0.157049E-07
                                     he3     0.100000E-98     0.100147E-10
                                    mg24     0.100000E-98     0.118592E-34


 summary of d_eps_nuc_dx

                                 isotope     d_eps_nuc_dx

                                     he3     0.95461110520783E+23
                                     c12     0.47583138813363E+22
                                      h1     0.44728150456759E+22
                                     n13     0.59478006060148E+18
                                     n14     0.16654252962432E+18
                                     he4     0.94203988738714E+17
                                     o18     0.15884418470327E+17
                                     c14     0.37643234822271E+14
                                     f18     0.35060803660790E+14
                                    ne20     0.55950575658627E+12
                                     o16     0.76245647534013E+11
                                    ne21    -0.54675807741959E-16

                                           Q total          Q neutrino    Q total-neutrino
                    rpp_to_he3        6.9356917140        0.2668000000        6.6688917140
                   rpep_to_he3        6.9356917140        1.4450000000        5.4906917140
               r_h1_he3_wk_he4       19.7952684950        9.6280000000       10.1672684950
        r_he3_he3_to_h1_h1_he4       12.8595767810        0.0000000000       12.8595767810
        r_h1_h1_he4_to_he3_he3      -12.8595767810        0.0000000000      -12.8595767810
                       r34_pp2       19.7952684950        0.8000000000       18.9952684950
                       r34_pp3       19.7952684950        6.7350000000       13.0602684950
          r_he4_he4_he4_to_c12        7.2747473730        0.0000000000        7.2747473730
          r_c12_to_he4_he4_he4       -7.2747473730        0.0000000000       -7.2747473730
                rbe7ec_li7_aux        0.0000000000        0.0000000000        0.0000000000
                 rbe7pg_b8_aux        0.0000000000        0.0000000000        0.0000000000
                  r_c12_ag_o16        7.1619172100        0.0000000000        7.1619172100
                  r_n13_ap_o16        5.2184296060        0.0000000000        5.2184296060
                  r_n13_gp_c12       -1.9434876040        0.0000000000       -1.9434876040
                      rn14ecap        0.0000000000        0.0000000000        0.0000000000
                  r_n14_ag_f18        4.4146319040        0.0000000000        4.4146319040
                 r_o16_ag_ne20        4.7298460010        0.0000000000        4.7298460010
                  r_o16_ga_c12       -7.1619172100        0.0000000000       -7.1619172100
                 r_o18_ag_ne22        9.6681091790        0.0000000000        9.6681091790
                 r_f18_ap_ne21        1.7414240640        0.0000000000        1.7414240640
                r_ne20_ag_mg24        9.3165521630        0.0000000000        9.3165521630
                 r_ne20_ga_o16       -4.7298460010        0.0000000000       -4.7298460010
                 r_ne22_ga_o18       -9.6681091790        0.0000000000       -9.6681091790
                r_mg24_ga_ne20       -9.3165521630        0.0000000000       -9.3165521630
                  r_c12_pg_n13        1.9434876040        0.0000000000        1.9434876040
                  r_c14_ag_o18        6.2263309960        0.0000000000        6.2263309960
            r_c14_wk-minus_n14        0.1564760200        0.0000000000        0.1564760200
                  r_o16_pa_n13       -5.2184296060        0.0000000000       -5.2184296060
                  r_o18_ga_c14       -6.2263309960        0.0000000000       -6.2263309960
                  r_f18_ga_n14       -4.4146319040        0.0000000000       -4.4146319040
          weaklib r_f18_wk_o18        1.6552230720        1.6723365538       -0.0171134818
    weaklib r_o18_wk-minus_f18       -1.6552230720        0.0000000000       -1.6552230720
         r_c12_c12_to_he4_ne20        4.6170158380        0.0000000000        4.6170158380
         r_he4_ne20_to_c12_c12       -4.6170158380        0.0000000000       -4.6170158380
                 r_ne21_pa_f18       -1.7414240640        0.0000000000       -1.7414240640
         r_c12_o16_to_he4_mg24        6.7716507910        0.0000000000        6.7716507910
         r_he4_mg24_to_c12_o16       -6.7716507910        0.0000000000       -6.7716507910


