  **************** Basic **************** 


 reaction name <r_c12_ng_c13>     1   323
 reaction name <r_c13_gn_c12>     2   324
 net eps_nuc:    1.5377381118994656E-073

 reaction name <r_c13_ng_c14>     3   325
 reaction name <r_c14_gn_c13>     4   326
 net eps_nuc:    5.3973302231851861E-090

 reaction name <r_he3_ng_he4>     5   284
 reaction name <r_he4_gn_he3>     6   285
 net eps_nuc:    5.3973302231851861E-090

 reaction name <r_n13_ng_n14>     7   334
 reaction name <r_n14_gn_n13>     8   335
 net eps_nuc:    5.3973302231851861E-090

 reaction name <r_ne20_ng_ne21>     9   360
 reaction name <r_ne21_gn_ne20>    10   361
 net eps_nuc:    5.3973302231851861E-090

 reaction name <r_ne21_ng_ne22>    11   363
 reaction name <r_ne22_gn_ne21>    12   364
 net eps_nuc:    5.3973302231851861E-090

 reaction name <r_neut_pg_h2>    13   316
 reaction name <r_h2_gp_neut>    14   317
 net eps_nuc:    1.3870732524733488E-071

 reaction name <r_o16_ng_o17>    15   341
 reaction name <r_o17_gn_o16>    16   342
 net eps_nuc:    2.2912542220569946E-073

 reaction name <r_o17_ng_o18>    17   345
 reaction name <r_o18_gn_o17>    18   346
 net eps_nuc:   -7.3032490265300806E-088

 reaction name <r_c13_pn_n13>    19   328
 reaction name <r_n13_np_c13>    20   327
 net eps_nuc:   -7.3032490265300806E-088

 reaction name <r_c14_pn_n14>    21   333
 reaction name <r_n14_np_c14>    22   332
 net eps_nuc:   -391916341338455.06     

 reaction name <r_o18_pn_f18>    23   349
 reaction name <r_f18_np_o18>    24   348
 net eps_nuc:    1.8823769688206846E-002

 reaction name <r_c13_pg_n14>    25    24
 reaction name <r_n14_gp_c13>    26    55
 net eps_nuc:    1.8823769688206846E-002

 reaction name <r_h2_pg_he3>    27   288
 reaction name <r_he3_gp_h2>    28   289
 net eps_nuc:    1.8823769688206846E-002

 reaction name <r_c12_pg_n13>    29    21
 reaction name <r_n13_gp_c12>    30    51
 net eps_nuc:    6.8962149336382518E+020

 reaction name <r_o17_pg_f18>    31    84
 reaction name <r_f18_gp_o17>    32    32
 net eps_nuc:    5575.3682727369360     

 reaction name <r_f18_ap_ne21>    33   356
 reaction name <r_ne21_pa_f18>    34   357
 net eps_nuc:    5575.3682727369360     

 reaction name <r_n13_ap_o16>    35    50
 reaction name <r_o16_pa_n13>    36   337
 net eps_nuc:    5575.3682727369360     

 reaction name <r_n14_ap_o17>    37    54
 reaction name <r_o17_pa_n14>    38    83
 net eps_nuc:    5574.8658779865200     

 reaction name <r_c14_an_o17>    39   340
 reaction name <r_o17_na_c14>    40   339
 net eps_nuc:    5574.8658679991449     

 reaction name <r_ne21_an_mg24>    41   367
 reaction name <r_mg24_na_ne21>    42   366
 net eps_nuc:    5574.8658679991449     

 reaction name <r_c13_an_o16>    43    23
 reaction name <r_o16_na_c13>    44   338
 net eps_nuc:    5574.8658679991449     

 reaction name <r_o17_an_ne20>    45   353
 reaction name <r_ne20_na_o17>    46   352
 net eps_nuc:    5574.8658679991449     

 reaction name <r_o18_an_ne21>    47   359
 reaction name <r_ne21_na_o18>    48   358
 net eps_nuc:    5574.8658679991449     

 reaction name <r_c12_ag_o16>    49    19
 reaction name <r_o16_ga_c12>    50    80
 net eps_nuc:    410704149776.65289     

 reaction name <r_n14_ag_f18>    51    53
 reaction name <r_f18_ga_n14>    52   347
 net eps_nuc:    3707541012473268.5     

 reaction name <r_ne20_ag_mg24>    53    65
 reaction name <r_mg24_ga_ne20>    54    49
 net eps_nuc:    10247.412591292928     

 reaction name <r_o16_ag_ne20>    55    78
 reaction name <r_ne20_ga_o16>    56    67
 net eps_nuc:    10840607042.000719     

 reaction name <r_o17_ag_ne21>    57   354
 reaction name <r_ne21_ga_o17>    58   355
 net eps_nuc:    51882.989532423344     

 reaction name <r_o18_ag_ne22>    59    85
 reaction name <r_ne22_ga_o18>    60   362
 net eps_nuc:    51882.989532423344     

 reaction name <r_c14_ag_o18>    61   343
 reaction name <r_o18_ga_c14>    62   344
 net eps_nuc:    97884917076.262360     

 reaction name <r_c12_to_he4_he4_he4>    63    22
 reaction name <r_he4_he4_he4_to_c12>    64    45
 net eps_nuc:    2.3027657130047840E+017

 reaction name <r_h2_h2_to_he4>    65    41
 reaction name <r_he4_to_h2_h2>    66   321
 net eps_nuc:    17362.484547398850     

 reaction name <r_he4_ne20_to_c12_c12>    67   299
 reaction name <r_c12_c12_to_he4_ne20>    68   300
 net eps_nuc:    17362.484547477892     

 reaction name <r_neut_he3_to_h2_h2>    69   319
 reaction name <r_h2_h2_to_neut_he3>    70   318
 net eps_nuc:    17362.484547477892     

 reaction name <r_h1_h1_he4_to_he3_he3>    71   320
 reaction name <r_he3_he3_to_h1_h1_he4>    72    44
 net eps_nuc:    17362.484547477892     

 reaction name <r_h1_h2_to_neut_h1_h1>    73   315
 reaction name <r_neut_h1_h1_to_h1_h2>    74   314
 net eps_nuc:    17362.484547477892     

 reaction name <r_c12_o16_to_he4_mg24>    75   365
 reaction name <r_he4_mg24_to_c12_o16>    76   301
 net eps_nuc:    17362.484547477892     

 reaction name <r_h1_he4_to_h2_he3>    77   322
 reaction name <r_h2_he3_to_h1_he4>    78    42
 net eps_nuc:    17362.484547477892     

 reaction name <r_h2_c13_to_neut_n14>    79   331
 reaction name <r_neut_n14_to_h2_c13>    80   330
 net eps_nuc:    17362.484547477892     

 reaction name <r_n13_wk_c13>    81   329
 eps_nuc:    17362.484547477892     

 reaction name <r_h1_he3_wk_he4>    82   246
 eps_nuc:    17362.484547477892     

 reaction name <r_f18_wk_o18>    83   350
 eps_nuc:    17362.484547477892     

 reaction name <r_h1_h1_ec_h2>    84   237
 eps_nuc:   -36356.103538255826     

 reaction name <r_neut_wk-minus_h1>    85   313
 eps_nuc:   -36356.103538255826     

 reaction name <r_h1_wk_neut>    86   312
 eps_nuc:   -37014.782733901709     

 reaction name <r_c14_wk-minus_n14>    87   336
 eps_nuc:   -36979.483243783725     

 reaction name <r_h1_h1_wk_h2>    88   236
 eps_nuc:    791496.32339423185     

 reaction name <r_o18_wk-minus_f18>    89   351
 eps_nuc:    23658.401822629607     


                                log temp         8.477121255
                                 log rho         6.600000000

                            log(eps_nuc)        20.838757871

                                 eps_nuc     0.689855086E+21

                            d_lneps_dlnT         8.229660396
                          d_lneps_dlnRho         1.240259558


 summary of log raw rates

                            r_f18_np_o18        14.855286659
                            r_n13_np_c13        14.652049138
                      r_h2_he3_to_h1_he4        13.324533070
                     r_h2_h2_to_neut_he3        12.996952169
                            r_n13_ng_n14        12.645154513
                            r_n14_np_c14        12.119700341
                          r_ne21_ng_ne22        11.938442688
                            r_o17_na_c14        11.522313323
                            r_neut_pg_h2        11.111422017
                          r_ne20_ng_ne21        10.568178593
                            r_o16_ng_o17        10.290305028
                            r_c13_ng_c14         9.980741345
                            r_c12_ng_c13         9.915222968
                            r_he3_ng_he4         9.856224489
                  r_he3_he3_to_h1_h1_he4         9.714359261
                    r_h2_c13_to_neut_n14         9.080762901
                            r_o17_ng_o18         8.489862296
                             r_h2_pg_he3         8.288322206
                           r_ne21_na_o18         8.115922028
                            r_c13_pg_n14         6.325000594
                            r_o17_pa_n14         6.173839989
                            r_c12_pg_n13         6.027109619
                          r_h2_h2_to_he4         5.857145863
                            r_o17_pg_f18         4.996196078
                   r_neut_h1_h1_to_h1_h2         3.417395900
                            r_c14_pn_n14         2.083409919
                            r_c13_an_o16         2.079191567
                            r_n13_ap_o16         0.947447806
                    r_he4_he4_he4_to_c12         0.862807969
                            r_n14_ag_f18         0.499234482
                           r_o18_ag_ne22        -0.778811935
                           r_o17_an_ne20        -1.191234139
                           r_o17_ag_ne21        -2.196215092
                           r_f18_ap_ne21        -2.834859365
                            r_n13_wk_c13        -2.935874127
                            r_c14_ag_o18        -3.249382834
                           r_o18_an_ne21        -3.473297471
                            r_f18_wk_o18        -3.978059281
                            r_c12_ag_o16        -4.496989885
                          r_ne21_an_mg24        -4.514879656
                          r_ne20_ag_mg24        -5.202908239
                           r_o16_ag_ne20        -5.836061601
                           r_h1_h1_ec_h2        -7.837816515
                         r_h1_he3_wk_he4        -9.091892079
                           r_h1_h1_wk_h2        -9.275158623
                           r_ne20_na_o17        -9.778352625
                      r_c14_wk-minus_n14       -11.414431580
                            r_n14_ap_o17       -14.800123663
                            r_c14_an_o17       -18.705937300
                   r_c12_c12_to_he4_ne20       -21.506341729
                            r_h2_gp_neut       -23.970395767
                            r_n13_gp_c12       -24.059224021
                   r_h1_h2_to_neut_h1_h1       -25.365451882
                            r_o18_pn_f18       -25.616097576
                           r_ne21_pa_f18       -31.717024084
                   r_c12_o16_to_he4_mg24       -31.769740791
                            r_o16_na_c13       -34.377984197
                            r_c13_pn_n13       -35.792128120

 summary of screening factors

                      r_neut_wk-minus_h1     0.164569524E+40
                            r_h1_wk_neut     0.786321535E+29
                            r_f18_wk_o18     0.246646388E+02
                   r_c12_o16_to_he4_mg24     0.132016174E+02
                   r_c12_c12_to_he4_ne20     0.742287592E+01
                          r_ne21_an_mg24     0.317203159E+01
                          r_ne20_ag_mg24     0.317202561E+01
                           r_f18_ap_ne21     0.288732982E+01
                    r_he4_he4_he4_to_c12     0.284898285E+01
                           r_o18_an_ne21     0.261992724E+01
                           r_o18_ag_ne22     0.261992724E+01
                           r_o17_ag_ne21     0.261992166E+01
                           r_o17_an_ne20     0.261992166E+01
                           r_o16_ag_ne20     0.261991540E+01
                            r_n14_ap_o17     0.236914502E+01
                            r_n14_ag_f18     0.236914502E+01
                            r_n13_ap_o16     0.236913759E+01
                           r_ne21_pa_f18     0.231645070E+01
                            r_c14_an_o17     0.225202205E+01
                            r_c14_ag_o18     0.225202205E+01
                            r_c13_an_o16     0.225201671E+01
                            r_c12_ag_o16     0.225201051E+01
                            r_o18_pn_f18     0.205292381E+01
                            r_o17_pg_f18     0.205292345E+01
                            r_o17_pa_n14     0.205292345E+01
                    r_h2_c13_to_neut_n14     0.176431634E+01
                            r_c14_pn_n14     0.176429643E+01
                            r_c13_pn_n13     0.176429623E+01
                            r_c13_pg_n14     0.176429623E+01
                            r_c12_pg_n13     0.176429599E+01
                  r_he3_he3_to_h1_h1_he4     0.146938199E+01
                      r_h2_he3_to_h1_he4     0.121269376E+01
                         r_h1_he3_wk_he4     0.121269376E+01
                             r_h2_pg_he3     0.110122376E+01
                          r_h2_h2_to_he4     0.110122376E+01
                     r_h2_h2_to_neut_he3     0.110122376E+01
                   r_h1_h2_to_neut_h1_h1     0.110122376E+01
                           r_h1_h1_ec_h2     0.110122376E+01
                           r_h1_h1_wk_h2     0.110122376E+01
                      r_o18_wk-minus_f18     0.256335537E-01

 summary of log screened rates (reactions/gm/sec)

                            r_f18_np_o18        14.855286659
                            r_n13_np_c13        14.652049138
                      r_h2_he3_to_h1_he4        13.408284213
                     r_h2_h2_to_neut_he3        13.038827741
                            r_n13_ng_n14        12.645154513
                            r_n14_np_c14        12.119700341
                          r_ne21_ng_ne22        11.938442688
                            r_o17_na_c14        11.522313323
                            r_neut_pg_h2        11.111422017
                          r_ne20_ng_ne21        10.568178593
                            r_o16_ng_o17        10.290305028
                            r_c13_ng_c14         9.980741345
                            r_c12_ng_c13         9.915222968
                  r_he3_he3_to_h1_h1_he4         9.881493973
                            r_he3_ng_he4         9.856224489
                    r_h2_c13_to_neut_n14         9.327339358
                            r_o17_ng_o18         8.489862296
                             r_h2_pg_he3         8.330197778
                           r_ne21_na_o18         8.115922028
                            r_c13_pg_n14         6.571572100
                            r_o17_pa_n14         6.486212746
                            r_c12_pg_n13         6.273681067
                          r_h2_h2_to_he4         5.899021434
                            r_o17_pg_f18         5.308568834
                   r_neut_h1_h1_to_h1_h2         3.417395900
                            r_c13_an_o16         2.431763175
                            r_c14_pn_n14         2.329981475
                            r_n13_ap_o16         1.322038089
                    r_he4_he4_he4_to_c12         1.317497804
                            r_n14_ag_f18         0.873826128
                           r_o18_ag_ne22        -0.360522705
                           r_o17_an_ne20        -0.772945834
                           r_o17_ag_ne21        -1.777926787
                           r_f18_ap_ne21        -2.374362968
                            r_f18_wk_o18        -2.585984521
                            r_c14_ag_o18        -2.896810196
                            r_n13_wk_c13        -2.935874127
                           r_o18_an_ne21        -3.055008241
                      r_neut_wk-minus_h1        -3.778804296
                          r_ne21_an_mg24        -4.013542152
                            r_c12_ag_o16        -4.144419472
                          r_ne20_ag_mg24        -4.701571554
                           r_o16_ag_ne20        -5.417774333
                           r_h1_h1_ec_h2        -7.795940944
                         r_h1_he3_wk_he4        -9.008140936
                           r_h1_h1_wk_h2        -9.233283052
                           r_ne20_na_o17        -9.778352625
                      r_c14_wk-minus_n14       -11.414431580
                            r_h1_wk_neut       -13.798523543
                            r_n14_ap_o17       -14.425532017
                            r_c14_an_o17       -18.353364662
                   r_c12_c12_to_he4_ne20       -20.635769528
                            r_h2_gp_neut       -23.970395767
                            r_n13_gp_c12       -24.059224021
                            r_o18_pn_f18       -25.303724744
                   r_h1_h2_to_neut_h1_h1       -25.323576311
                   r_c12_o16_to_he4_mg24       -30.649113647
                           r_ne21_pa_f18       -31.352201023
                            r_o16_na_c13       -34.377984197
                            r_c13_pn_n13       -35.545556614



 energy generation by category

                                category   log rate (erg/g/sec)

                                     cno        20.838611   0.689621E+21
                                tri_alfa        17.362250   0.230277E+18
                                  burn_n        15.569086   0.370754E+16
                                  burn_o        10.035053   0.108406E+11
                                      pp         5.889166   0.774757E+06




 summary of isotope mass abundance changes

                                 isotope        x initial         dx_dt   

                                     n13     0.100000E-98     0.478092E+04
                                     c12     0.470000E-01    -0.441276E+04
                                      h1     0.500000E-01    -0.367763E+03
                                     he4     0.846450E+00    -0.397170E+00
                                     f18     0.100000E-98     0.156676E-01
                                     c14     0.850000E-03    -0.908618E-02
                                     n14     0.770000E-02    -0.309996E-02
                                    neut     0.100000E-98     0.648997E-03
                                     o16     0.470000E-01     0.912945E-06
                                     o18     0.100000E-98     0.293288E-06
                                    ne20     0.100000E-98     0.475089E-07
                                      h2     0.100000E-98     0.414554E-10
                                     o17     0.100000E-98     0.742722E-17
                                    mg24     0.100000E-98     0.619430E-34


 summary of d_eps_nuc_dx

                                 isotope     d_eps_nuc_dx

                                    neut     0.14691168007736E+29
                                      h2     0.28343034058473E+26
                                     c13     0.10449091277758E+24
                                     c12     0.14672797739884E+23
                                      h1     0.13792422028950E+23
                                     o17     0.13598850271957E+23
                                     n13     0.17205611121879E+19
                                     he4     0.82053018411438E+18
                                     n14     0.48149883278346E+18
                                     c14    -0.46096288996850E+18
                                     o18     0.47806372130736E+17
                                     f18     0.54898790497666E+14
                                    ne21     0.24082272561013E+13
                                    ne20     0.18908466939955E+13
                                     o16     0.23065099562953E+12
                                     he3     0.16046245662275E+09


