  **************** Basic **************** 

 ecap Q:    6.6688917139999973     
 ecap Q:    5.4906917139999969     
 ecap Q:    7.2747473730000003     
 ecap Q:   -7.2747473730000003     
 ecap Q:    0.0000000000000000     
 ecap Q:   0.15647601999999949     
 ecap Q:  -0.29612731463800746     
 ecap Q:   -1.6552230720000001     


                                log temp         8.477000000
                                 log rho         6.800000000

                            log(eps_nuc)        21.086454185

                                 eps_nuc     0.122026508E+22

                            d_lneps_dlnT         8.219395696
                          d_lneps_dlnRho         1.243816221


 summary of log raw rates

                  r_he3_he3_to_h1_h1_he4         9.913703359
                            r_c12_pg_n13         6.226024620
                           rbe7pg_b8_aux         5.900988870
                                 r34_pp2         5.525261911
                                 r34_pp3         5.525261911
                    r_he4_he4_he4_to_c12         1.261398950
                            r_n13_ap_o16         1.145378537
                            r_n14_ag_f18         0.697376976
                           r_o18_ag_ne22        -0.580650492
                           r_f18_ap_ne21        -2.501649898
                          rbe7ec_li7_aux        -2.714906177
                            r_c14_ag_o18        -3.066363799
                            r_f18_wk_o18        -3.977716189
                            r_c12_ag_o16        -4.298727822
                          r_ne20_ag_mg24        -5.006479859
                           r_o16_ag_ne20        -5.640064156
                             rpep_to_he3        -7.437947531
                         r_h1_he3_wk_he4        -8.892182034
                              rpp_to_he3        -9.075357737
                                rn14ecap       -10.747593847
                      r_c14_wk-minus_n14       -11.414171003
                   r_c12_c12_to_he4_ne20       -21.311295711
                            r_n13_gp_c12       -24.069607651
                           r_ne21_pa_f18       -31.527690707
                   r_c12_o16_to_he4_mg24       -31.576014368

 summary of screening factors

                            r_f18_wk_o18     0.403350906E+02
                   r_c12_o16_to_he4_mg24     0.207562610E+02
                   r_c12_c12_to_he4_ne20     0.106004453E+02
                          r_ne20_ag_mg24     0.384264648E+01
                           r_f18_ap_ne21     0.344378653E+01
                    r_he4_he4_he4_to_c12     0.343611165E+01
                           r_o18_ag_ne22     0.307462219E+01
                           r_o16_ag_ne20     0.307460018E+01
                            r_n14_ag_f18     0.273347604E+01
                            r_n13_ap_o16     0.273346245E+01
                           r_ne21_pa_f18     0.253650600E+01
                            r_c14_ag_o18     0.241911276E+01
                            r_c12_ag_o16     0.241909008E+01
                            r_c12_pg_n13     0.197355795E+01
                           rbe7pg_b8_aux     0.161950801E+01
                                 r34_pp3     0.160275780E+01
                  r_he3_he3_to_h1_h1_he4     0.160275446E+01
                         r_h1_he3_wk_he4     0.127491317E+01
                              rpp_to_he3     0.112912053E+01
                             rpep_to_he3     0.112912053E+01
                      r_o18_wk-minus_f18     0.324418318E-03
                                 r34_pp2     0.251588750E-07

 summary of log screened rates (reactions/gm/sec)

                  r_he3_he3_to_h1_h1_he4        10.118570352
                            r_c12_pg_n13         6.521274504
                           rbe7pg_b8_aux         6.110371970
                                 r34_pp3         5.730129810
                    r_he4_he4_he4_to_c12         1.797466216
                            r_n13_ap_o16         1.582091648
                            r_n14_ag_f18         1.134092247
                           r_o18_ag_ne22        -0.092858735
                           r_f18_ap_ne21        -1.964613675
                                 r34_pp2        -2.074046872
                            r_f18_wk_o18        -2.372033152
                            r_c14_ag_o18        -2.682707687
                          rbe7ec_li7_aux        -2.714906177
                            r_c12_ag_o16        -3.915075781
                          r_ne20_ag_mg24        -4.421849427
                           r_o16_ag_ne20        -5.152275508
                             rpep_to_he3        -7.385207227
                         r_h1_he3_wk_he4        -8.786701426
                              rpp_to_he3        -9.022617433
                                rn14ecap       -10.747593847
                      r_c14_wk-minus_n14       -11.414171003
                   r_c12_c12_to_he4_ne20       -20.285971602
                            r_n13_gp_c12       -24.069607651
                   r_c12_o16_to_he4_mg24       -30.258865244
                           r_ne21_pa_f18       -31.123454813

 summary of log energy generation (reactions/gm/sec)

                            r_c12_pg_n13        21.086204225
                    r_he4_he4_he4_to_c12        17.842218167
                            r_n14_ag_f18        15.829352083
                            r_c12_ag_o16        11.842872776
                            r_c14_ag_o18        11.204818056
                           r_o16_ag_ne20        10.300552017
                             rpep_to_he3         8.435791177
                              rpp_to_he3         6.882807576
                      r_c14_wk-minus_n14         1.548029009
                   r_c12_c12_to_he4_ne20        -6.752345679
                   r_c12_o16_to_he4_mg24       -16.382814873



 energy generation by category

                                category   log rate (erg/g/sec)

                                     cno        21.086204   0.121956E+22
                                tri_alfa        17.842218   0.695374E+18
                                  burn_n        15.829352   0.675075E+16
                                  burn_c        11.932819   0.856680E+12
                                  burn_o        10.300552   0.199780E+11
                                      pp         8.447780   0.280402E+09
                                   other         1.548029   0.353207E+02

             log10(-photodisintegration)       -99.000000  -0.000000E+00



 summary of isotope mass abundance changes

                                 isotope        x initial         dx_dt   

                                     n13     0.100000E-98     0.845482E+04
                                     c12     0.470000E-01    -0.780326E+04
                                      h1     0.500000E-01    -0.650371E+03
                                     he4     0.846450E+00    -0.119517E+01
                                     f18     0.100000E-98     0.285278E-01
                                     n14     0.770000E-02    -0.221883E-01
                                     o16     0.470000E-01     0.154247E-05
                                     o18     0.100000E-98     0.480172E-06
                                     c14     0.850000E-03    -0.373467E-06
                                    ne20     0.100000E-98     0.875535E-07
                                     he3     0.100000E-98     0.158023E-09
                                    mg24     0.100000E-98     0.152139E-33


 summary of d_eps_nuc_dx

                                 isotope     d_eps_nuc_dx

                                     he3     0.47748894292142E+24
                                     c12     0.25948148078561E+23
                                      h1     0.24391259179930E+23
                                     n13     0.31310555596592E+19
                                     he4     0.24725291222690E+19
                                     n14     0.87672089579429E+18
                                     o18     0.88554972977226E+17
                                     c14     0.18853810198090E+15
                                     f18     0.14690342413189E+15
                                    ne20     0.36006295845482E+13
                                     o16     0.42506383776475E+12
                                    ne21    -0.30106603895502E-15

                                           Q total          Q neutrino    Q total-neutrino
                    rpp_to_he3        6.9356917140        0.2668000000        6.6688917140
                   rpep_to_he3        6.9356917140        1.4450000000        5.4906917140
               r_h1_he3_wk_he4       19.7952684950        9.6280000000       10.1672684950
        r_he3_he3_to_h1_h1_he4       12.8595767810        0.0000000000       12.8595767810
        r_h1_h1_he4_to_he3_he3      -12.8595767810        0.0000000000      -12.8595767810
                       r34_pp2       19.7952684950        0.8000000000       18.9952684950
                       r34_pp3       19.7952684950        6.7350000000       13.0602684950
          r_he4_he4_he4_to_c12        7.2747473730        0.0000000000        7.2747473730
          r_c12_to_he4_he4_he4       -7.2747473730        0.0000000000       -7.2747473730
                rbe7ec_li7_aux        0.0000000000        0.0000000000        0.0000000000
                 rbe7pg_b8_aux        0.0000000000        0.0000000000        0.0000000000
                  r_c12_ag_o16        7.1619172100        0.0000000000        7.1619172100
                  r_n13_ap_o16        5.2184296060        0.0000000000        5.2184296060
                  r_n13_gp_c12       -1.9434876040        0.0000000000       -1.9434876040
                      rn14ecap        0.0000000000        0.0000000000        0.0000000000
                  r_n14_ag_f18        4.4146319040        0.0000000000        4.4146319040
                 r_o16_ag_ne20        4.7298460010        0.0000000000        4.7298460010
                  r_o16_ga_c12       -7.1619172100        0.0000000000       -7.1619172100
                 r_o18_ag_ne22        9.6681091790        0.0000000000        9.6681091790
                 r_f18_ap_ne21        1.7414240640        0.0000000000        1.7414240640
                r_ne20_ag_mg24        9.3165521630        0.0000000000        9.3165521630
                 r_ne20_ga_o16       -4.7298460010        0.0000000000       -4.7298460010
                 r_ne22_ga_o18       -9.6681091790        0.0000000000       -9.6681091790
                r_mg24_ga_ne20       -9.3165521630        0.0000000000       -9.3165521630
                  r_c12_pg_n13        1.9434876040        0.0000000000        1.9434876040
                  r_c14_ag_o18        6.2263309960        0.0000000000        6.2263309960
            r_c14_wk-minus_n14        0.1564760200        0.0000000000        0.1564760200
                  r_o16_pa_n13       -5.2184296060        0.0000000000       -5.2184296060
                  r_o18_ga_c14       -6.2263309960        0.0000000000       -6.2263309960
                  r_f18_ga_n14       -4.4146319040        0.0000000000       -4.4146319040
          weaklib r_f18_wk_o18        1.6552230720        1.9513503866       -0.2961273146
    weaklib r_o18_wk-minus_f18       -1.6552230720        0.0000000000       -1.6552230720
         r_c12_c12_to_he4_ne20        4.6170158380        0.0000000000        4.6170158380
         r_he4_ne20_to_c12_c12       -4.6170158380        0.0000000000       -4.6170158380
                 r_ne21_pa_f18       -1.7414240640        0.0000000000       -1.7414240640
         r_c12_o16_to_he4_mg24        6.7716507910        0.0000000000        6.7716507910
         r_he4_mg24_to_c12_o16       -6.7716507910        0.0000000000       -6.7716507910


