  **************** Basic **************** 

 ecap Q:    6.6688917139999973     
 ecap Q:    5.4906917139999969     
 ecap Q:    7.2747473730000003     
 ecap Q:   -7.2747473730000003     
 ecap Q:    0.0000000000000000     
 ecap Q:   0.15647601999999949     
 ecap Q:    3.7120223786079931E-002
 ecap Q:   -1.6552230720000001     


                                log temp         8.477000000
                                 log rho         6.000000000

                            log(eps_nuc)        20.116964633

                                 eps_nuc     0.130907531E+21

                            d_lneps_dlnT         8.512718797
                          d_lneps_dlnRho         1.145116210


 summary of log raw rates

                  r_he3_he3_to_h1_h1_he4         9.113703359
                            r_c12_pg_n13         5.426024620
                           rbe7pg_b8_aux         5.100988870
                                 r34_pp2         4.725261911
                                 r34_pp3         4.725261911
                            r_n13_ap_o16         0.345378537
                            r_n14_ag_f18        -0.102623024
                    r_he4_he4_he4_to_c12        -0.338601050
                           r_o18_ag_ne22        -1.380650492
                           r_f18_ap_ne21        -3.301649898
                          rbe7ec_li7_aux        -3.514906177
                            r_c14_ag_o18        -3.866363799
                            r_f18_wk_o18        -3.977716189
                            r_c12_ag_o16        -5.098727822
                          r_ne20_ag_mg24        -5.806479859
                           r_o16_ag_ne20        -6.440064156
                             rpep_to_he3        -9.037947531
                         r_h1_he3_wk_he4        -9.692182034
                              rpp_to_he3        -9.875357737
                      r_c14_wk-minus_n14       -11.414171003
                                rn14ecap       -13.282843077
                   r_c12_c12_to_he4_ne20       -22.111295711
                            r_n13_gp_c12       -24.069607651
                           r_ne21_pa_f18       -32.327690707
                   r_c12_o16_to_he4_mg24       -32.376014368

 summary of screening factors

                      r_o18_wk-minus_f18     0.209338322E+03
                            r_f18_wk_o18     0.661142355E+01
                   r_c12_o16_to_he4_mg24     0.485423256E+01
                   r_c12_c12_to_he4_ne20     0.339057590E+01
                          r_ne20_ag_mg24     0.223233029E+01
                           r_f18_ap_ne21     0.212226416E+01
                           r_o18_ag_ne22     0.200197760E+01
                           r_o16_ag_ne20     0.200197635E+01
                            r_n14_ag_f18     0.187417760E+01
                            r_n13_ap_o16     0.187417695E+01
                    r_he4_he4_he4_to_c12     0.178460969E+01
                            r_c14_ag_o18     0.174154676E+01
                            r_c12_ag_o16     0.174154591E+01
                           r_ne21_pa_f18     0.163324276E+01
                            r_c12_pg_n13     0.133652707E+01
                  r_he3_he3_to_h1_h1_he4     0.121334742E+01
                           rbe7pg_b8_aux     0.121334742E+01
                                 r34_pp3     0.121334740E+01
                         r_h1_he3_wk_he4     0.110152051E+01
                              rpp_to_he3     0.104953347E+01
                             rpep_to_he3     0.104953347E+01
                                 r34_pp2     0.254218065E-07

 summary of log screened rates (reactions/gm/sec)

                  r_he3_he3_to_h1_h1_he4         9.197688531
                            r_c12_pg_n13         5.552002380
                           rbe7pg_b8_aux         5.184974043
                                 r34_pp3         4.809247075
                            r_n13_ap_o16         0.618189130
                            r_n14_ag_f18         0.170187720
                    r_he4_he4_he4_to_c12        -0.087057804
                           r_o18_ag_ne22        -1.079191279
                                 r34_pp2        -2.869531681
                           r_f18_ap_ne21        -2.974850458
                            r_f18_wk_o18        -3.157421208
                          rbe7ec_li7_aux        -3.514906177
                            r_c14_ag_o18        -3.625428660
                            r_c12_ag_o16        -4.857792894
                          r_ne20_ag_mg24        -5.457721406
                           r_o16_ag_ne20        -6.138605213
                             rpep_to_he3        -9.016951237
                         r_h1_he3_wk_he4        -9.650189447
                              rpp_to_he3        -9.854361444
                      r_c14_wk-minus_n14       -11.414171003
                                rn14ecap       -13.282843077
                   r_c12_c12_to_he4_ne20       -21.581022241
                            r_n13_gp_c12       -24.069607651
                   r_c12_o16_to_he4_mg24       -31.689893789
                           r_ne21_pa_f18       -32.114639965

 summary of log energy generation (reactions/gm/sec)

                            r_c12_pg_n13        20.116932101
                    r_he4_he4_he4_to_c12        15.957694147
                            r_n14_ag_f18        14.865447555
                            r_c12_ag_o16        10.900155663
                            r_c14_ag_o18        10.262097083
                           r_o16_ag_ne20         9.314222312
                             rpep_to_he3         6.804047166
                              rpp_to_he3         6.051063565
                      r_c14_wk-minus_n14         1.548029009
                   r_c12_c12_to_he4_ne20        -8.047396318
                   r_c12_o16_to_he4_mg24       -17.813843417



 energy generation by category

                                category   log rate (erg/g/sec)

                                     cno        20.116932   0.130898E+21
                                tri_alfa        15.957694   0.907181E+16
                                  burn_n        14.865448   0.733580E+15
                                  burn_c        10.990101   0.977464E+11
                                  burn_o         9.314222   0.206169E+10
                                      pp         6.874680   0.749342E+07
                                   other         1.548029   0.353207E+02

             log10(-photodisintegration)       -99.000000  -0.000000E+00



 summary of isotope mass abundance changes

                                 isotope        x initial         dx_dt   

                                     n13     0.100000E-98     0.907470E+03
                                     c12     0.470000E-01    -0.837649E+03
                                      h1     0.500000E-01    -0.698054E+02
                                     he4     0.846450E+00    -0.161984E-01
                                     f18     0.100000E-98     0.310002E-02
                                     n14     0.770000E-02    -0.241113E-02
                                     o16     0.470000E-01     0.176758E-06
                                     o18     0.100000E-98     0.547868E-07
                                     c14     0.850000E-03    -0.426120E-07
                                    ne20     0.100000E-98     0.903533E-08
                                     he3     0.100000E-98     0.413086E-11
                                    mg24     0.100000E-98     0.563913E-35


 summary of d_eps_nuc_dx

                                 isotope     d_eps_nuc_dx

                                     he3     0.57290232806690E+23
                                     c12     0.27850579978875E+22
                                      h1     0.26179545164254E+22
                                     n13     0.34024226091241E+18
                                     n14     0.95270145897131E+17
                                     he4     0.33019224423992E+17
                                     o18     0.91386156202804E+16
                                     f18     0.22315494628048E+14
                                     c14     0.21511869667394E+14
                                    ne20     0.33151750596352E+12
                                     o16     0.43865638385770E+11
                                    ne21    -0.30723919359228E-16

                                           Q total          Q neutrino    Q total-neutrino
                    rpp_to_he3        6.9356917140        0.2668000000        6.6688917140
                   rpep_to_he3        6.9356917140        1.4450000000        5.4906917140
               r_h1_he3_wk_he4       19.7952684950        9.6280000000       10.1672684950
        r_he3_he3_to_h1_h1_he4       12.8595767810        0.0000000000       12.8595767810
        r_h1_h1_he4_to_he3_he3      -12.8595767810        0.0000000000      -12.8595767810
                       r34_pp2       19.7952684950        0.8000000000       18.9952684950
                       r34_pp3       19.7952684950        6.7350000000       13.0602684950
          r_he4_he4_he4_to_c12        7.2747473730        0.0000000000        7.2747473730
          r_c12_to_he4_he4_he4       -7.2747473730        0.0000000000       -7.2747473730
                rbe7ec_li7_aux        0.0000000000        0.0000000000        0.0000000000
                 rbe7pg_b8_aux        0.0000000000        0.0000000000        0.0000000000
                  r_c12_ag_o16        7.1619172100        0.0000000000        7.1619172100
                  r_n13_ap_o16        5.2184296060        0.0000000000        5.2184296060
                  r_n13_gp_c12       -1.9434876040        0.0000000000       -1.9434876040
                      rn14ecap        0.0000000000        0.0000000000        0.0000000000
                  r_n14_ag_f18        4.4146319040        0.0000000000        4.4146319040
                 r_o16_ag_ne20        4.7298460010        0.0000000000        4.7298460010
                  r_o16_ga_c12       -7.1619172100        0.0000000000       -7.1619172100
                 r_o18_ag_ne22        9.6681091790        0.0000000000        9.6681091790
                 r_f18_ap_ne21        1.7414240640        0.0000000000        1.7414240640
                r_ne20_ag_mg24        9.3165521630        0.0000000000        9.3165521630
                 r_ne20_ga_o16       -4.7298460010        0.0000000000       -4.7298460010
                 r_ne22_ga_o18       -9.6681091790        0.0000000000       -9.6681091790
                r_mg24_ga_ne20       -9.3165521630        0.0000000000       -9.3165521630
                  r_c12_pg_n13        1.9434876040        0.0000000000        1.9434876040
                  r_c14_ag_o18        6.2263309960        0.0000000000        6.2263309960
            r_c14_wk-minus_n14        0.1564760200        0.0000000000        0.1564760200
                  r_o16_pa_n13       -5.2184296060        0.0000000000       -5.2184296060
                  r_o18_ga_c14       -6.2263309960        0.0000000000       -6.2263309960
                  r_f18_ga_n14       -4.4146319040        0.0000000000       -4.4146319040
          weaklib r_f18_wk_o18        1.6552230720        1.6181028482        0.0371202238
    weaklib r_o18_wk-minus_f18       -1.6552230720        0.0000000000       -1.6552230720
         r_c12_c12_to_he4_ne20        4.6170158380        0.0000000000        4.6170158380
         r_he4_ne20_to_c12_c12       -4.6170158380        0.0000000000       -4.6170158380
                 r_ne21_pa_f18       -1.7414240640        0.0000000000       -1.7414240640
         r_c12_o16_to_he4_mg24        6.7716507910        0.0000000000        6.7716507910
         r_he4_mg24_to_c12_o16       -6.7716507910        0.0000000000       -6.7716507910


