  **************** Basic **************** 

 ecap Q:    6.6688917139999973     
 ecap Q:    5.4906917139999969     
 ecap Q:    7.2747473730000003     
 ecap Q:   -7.2747473730000003     
 ecap Q:    0.0000000000000000     
 ecap Q:   0.15647601999999949     
 ecap Q:   0.42083124348346934     
 ecap Q:   -1.6552230720000001     


                                log temp         8.477000000
                                 log rho         5.400000000

                            log(eps_nuc)        19.454101451

                                 eps_nuc     0.284512565E+20

                            d_lneps_dlnT         8.729632507
                          d_lneps_dlnRho         1.072707518


 summary of log raw rates

                  r_he3_he3_to_h1_h1_he4         8.513703359
                            r_c12_pg_n13         4.826024620
                           rbe7pg_b8_aux         4.500988870
                                 r34_pp2         4.125261911
                                 r34_pp3         4.125261911
                            r_n13_ap_o16        -0.254621463
                            r_n14_ag_f18        -0.702623024
                    r_he4_he4_he4_to_c12        -1.538601050
                           r_o18_ag_ne22        -1.980650492
                           r_f18_ap_ne21        -3.901649898
                            r_f18_wk_o18        -3.977716189
                          rbe7ec_li7_aux        -4.114906177
                            r_c14_ag_o18        -4.466363799
                            r_c12_ag_o16        -5.698727822
                          r_ne20_ag_mg24        -6.406479859
                           r_o16_ag_ne20        -7.040064156
                             rpep_to_he3       -10.237947531
                         r_h1_he3_wk_he4       -10.292182034
                              rpp_to_he3       -10.475357737
                      r_c14_wk-minus_n14       -11.414171003
                                rn14ecap       -14.701159621
                   r_c12_c12_to_he4_ne20       -22.711295711
                            r_n13_gp_c12       -24.069607651
                           r_ne21_pa_f18       -32.927690707
                   r_c12_o16_to_he4_mg24       -32.976014368

 summary of screening factors

                      r_o18_wk-minus_f18     0.181308897E+05
                   r_c12_o16_to_he4_mg24     0.261520290E+01
                            r_f18_wk_o18     0.244485272E+01
                   r_c12_c12_to_he4_ne20     0.212333241E+01
                          r_ne20_ag_mg24     0.163933578E+01
                           r_f18_ap_ne21     0.156157393E+01
                           r_o18_ag_ne22     0.148491245E+01
                           r_o16_ag_ne20     0.148491240E+01
                            r_n14_ag_f18     0.140956140E+01
                            r_n13_ap_o16     0.140956138E+01
                    r_he4_he4_he4_to_c12     0.133744795E+01
                            r_c12_ag_o16     0.133744795E+01
                            r_c14_ag_o18     0.133744795E+01
                           r_ne21_pa_f18     0.127417987E+01
                            r_c12_pg_n13     0.115648085E+01
                  r_he3_he3_to_h1_h1_he4     0.110177343E+01
                           rbe7pg_b8_aux     0.110177343E+01
                                 r34_pp3     0.110177341E+01
                         r_h1_he3_wk_he4     0.104965396E+01
                              rpp_to_he3     0.102452621E+01
                             rpep_to_he3     0.102452621E+01
                                 r34_pp2     0.254218064E-07

 summary of log screened rates (reactions/gm/sec)

                  r_he3_he3_to_h1_h1_he4         8.555795655
                            r_c12_pg_n13         4.889163065
                           rbe7pg_b8_aux         4.543081167
                                 r34_pp3         4.167354197
                            r_n13_ap_o16        -0.105537470
                            r_n14_ag_f18        -0.553539026
                    r_he4_he4_he4_to_c12        -1.412324161
                           r_o18_ag_ne22        -1.808949643
                                 r34_pp2        -3.469531682
                            r_f18_wk_o18        -3.589463486
                           r_f18_ap_ne21        -3.708087349
                          rbe7ec_li7_aux        -4.114906177
                            r_c14_ag_o18        -4.340086910
                            r_c12_ag_o16        -5.572450933
                          r_ne20_ag_mg24        -6.191811941
                           r_o16_ag_ne20        -6.868363322
                             rpep_to_he3       -10.227424456
                         r_h1_he3_wk_he4       -10.271135885
                              rpp_to_he3       -10.464834663
                      r_c14_wk-minus_n14       -11.414171003
                                rn14ecap       -14.701159621
                   r_c12_c12_to_he4_ne20       -22.384277723
                            r_n13_gp_c12       -24.069607651
                   r_c12_o16_to_he4_mg24       -32.558508978
                           r_ne21_pa_f18       -32.822459966
                      r_o18_wk-minus_f18       -38.736734591

 summary of log energy generation (reactions/gm/sec)

                            r_c12_pg_n13        19.454092787
                    r_he4_he4_he4_to_c12        14.632427790
                            r_n14_ag_f18        14.141720810
                            r_c12_ag_o16        10.185497624
                            r_c14_ag_o18         9.547438833
                           r_o16_ag_ne20         8.584464202
                             rpep_to_he3         5.593573947
                              rpp_to_he3         5.440590346
                      r_c14_wk-minus_n14         1.548029009
                   r_c12_c12_to_he4_ne20        -8.850651800
                   r_c12_o16_to_he4_mg24       -18.682458606



 energy generation by category

                                category   log rate (erg/g/sec)

                                     cno        19.454093   0.284507E+20
                                tri_alfa        14.632428   0.428971E+15
                                  burn_n        14.141721   0.138586E+15
                                  burn_c        10.275443   0.188557E+11
                                  burn_o         8.584464   0.384118E+09
                                      pp         5.824814   0.668057E+06
                                   other         1.548029   0.353207E+02

             log10(-photodisintegration)       -99.000000  -0.000000E+00



 summary of isotope mass abundance changes

                                 isotope        x initial         dx_dt   

                                     n13     0.100000E-98     0.197239E+03
                                     c12     0.470000E-01    -0.182066E+03
                                      h1     0.500000E-01    -0.151722E+02
                                     he4     0.846450E+00    -0.863537E-03
                                     f18     0.100000E-98     0.585649E-03
                                     n14     0.770000E-02    -0.455505E-03
                                     o16     0.470000E-01     0.341450E-07
                                     o18     0.100000E-98     0.105686E-07
                                     c14     0.850000E-03    -0.822003E-08
                                    ne20     0.100000E-98     0.168339E-08
                                     he3     0.100000E-98     0.350717E-12
                                    mg24     0.100000E-98     0.763127E-36


 summary of d_eps_nuc_dx

                                 isotope     d_eps_nuc_dx

                                     he3     0.13067355644513E+23
                                     c12     0.60533380669404E+21
                                      h1     0.56901377798586E+21
                                     n13     0.64277896429009E+17
                                     n14     0.17998241904663E+17
                                     o18     0.17026369212591E+16
                                     he4     0.16841139777280E+16
                                     f18     0.96739577604114E+13
                                     c14     0.41497306819991E+13
                                    ne20     0.61152741604354E+11
                                     o16     0.81727148084543E+10
                                    ne21    -0.60208334804860E-17

                                           Q total          Q neutrino    Q total-neutrino
                    rpp_to_he3        6.9356917140        0.2668000000        6.6688917140
                   rpep_to_he3        6.9356917140        1.4450000000        5.4906917140
               r_h1_he3_wk_he4       19.7952684950        9.6280000000       10.1672684950
        r_he3_he3_to_h1_h1_he4       12.8595767810        0.0000000000       12.8595767810
        r_h1_h1_he4_to_he3_he3      -12.8595767810        0.0000000000      -12.8595767810
                       r34_pp2       19.7952684950        0.8000000000       18.9952684950
                       r34_pp3       19.7952684950        6.7350000000       13.0602684950
          r_he4_he4_he4_to_c12        7.2747473730        0.0000000000        7.2747473730
          r_c12_to_he4_he4_he4       -7.2747473730        0.0000000000       -7.2747473730
                rbe7ec_li7_aux        0.0000000000        0.0000000000        0.0000000000
                 rbe7pg_b8_aux        0.0000000000        0.0000000000        0.0000000000
                  r_c12_ag_o16        7.1619172100        0.0000000000        7.1619172100
                  r_n13_ap_o16        5.2184296060        0.0000000000        5.2184296060
                  r_n13_gp_c12       -1.9434876040        0.0000000000       -1.9434876040
                      rn14ecap        0.0000000000        0.0000000000        0.0000000000
                  r_n14_ag_f18        4.4146319040        0.0000000000        4.4146319040
                 r_o16_ag_ne20        4.7298460010        0.0000000000        4.7298460010
                  r_o16_ga_c12       -7.1619172100        0.0000000000       -7.1619172100
                 r_o18_ag_ne22        9.6681091790        0.0000000000        9.6681091790
                 r_f18_ap_ne21        1.7414240640        0.0000000000        1.7414240640
                r_ne20_ag_mg24        9.3165521630        0.0000000000        9.3165521630
                 r_ne20_ga_o16       -4.7298460010        0.0000000000       -4.7298460010
                 r_ne22_ga_o18       -9.6681091790        0.0000000000       -9.6681091790
                r_mg24_ga_ne20       -9.3165521630        0.0000000000       -9.3165521630
                  r_c12_pg_n13        1.9434876040        0.0000000000        1.9434876040
                  r_c14_ag_o18        6.2263309960        0.0000000000        6.2263309960
            r_c14_wk-minus_n14        0.1564760200        0.0000000000        0.1564760200
                  r_o16_pa_n13       -5.2184296060        0.0000000000       -5.2184296060
                  r_o18_ga_c14       -6.2263309960        0.0000000000       -6.2263309960
                  r_f18_ga_n14       -4.4146319040        0.0000000000       -4.4146319040
          weaklib r_f18_wk_o18        1.6552230720        1.2343918285        0.4208312435
    weaklib r_o18_wk-minus_f18       -1.6552230720        0.0000000000       -1.6552230720
         r_c12_c12_to_he4_ne20        4.6170158380        0.0000000000        4.6170158380
         r_he4_ne20_to_c12_c12       -4.6170158380        0.0000000000       -4.6170158380
                 r_ne21_pa_f18       -1.7414240640        0.0000000000       -1.7414240640
         r_c12_o16_to_he4_mg24        6.7716507910        0.0000000000        6.7716507910
         r_he4_mg24_to_c12_o16       -6.7716507910        0.0000000000       -6.7716507910


