  **************** Basic **************** 

 ecap Q:    6.6688917139999973     
 ecap Q:    5.4906917139999969     
 ecap Q:    7.2747473730000003     
 ecap Q:   -7.2747473730000003     
 ecap Q:    0.0000000000000000     
 ecap Q:   0.15647601999999949     
 ecap Q:  -0.37958808228125474     
 ecap Q:   -1.6552230720000001     


                                log temp         8.477000000
                                 log rho         7.000000000

                            log(eps_nuc)        21.333682525

                                 eps_nuc     0.215616764E+22

                            d_lneps_dlnT         8.283929499
                          d_lneps_dlnRho         1.223050370


 summary of log raw rates

                  r_he3_he3_to_h1_h1_he4        10.113703359
                            r_c12_pg_n13         6.426024620
                           rbe7pg_b8_aux         6.100988870
                                 r34_pp2         5.725261911
                                 r34_pp3         5.725261911
                    r_he4_he4_he4_to_c12         1.661398950
                            r_n13_ap_o16         1.345378537
                            r_n14_ag_f18         0.897376976
                           r_o18_ag_ne22        -0.380650492
                           r_f18_ap_ne21        -2.301649898
                          rbe7ec_li7_aux        -2.514906177
                            r_c14_ag_o18        -2.866363799
                            r_f18_wk_o18        -3.977716189
                            r_c12_ag_o16        -4.098727822
                          r_ne20_ag_mg24        -4.806479859
                           r_o16_ag_ne20        -5.440064156
                             rpep_to_he3        -7.037947531
                         r_h1_he3_wk_he4        -8.692182034
                              rpp_to_he3        -8.875357737
                                rn14ecap       -10.338080190
                      r_c14_wk-minus_n14       -11.414171003
                   r_c12_c12_to_he4_ne20       -21.111295711
                            r_n13_gp_c12       -24.069607651
                           r_ne21_pa_f18       -31.327690707
                   r_c12_o16_to_he4_mg24       -31.376014368

 summary of screening factors

                            r_f18_wk_o18     0.664039972E+02
                   r_c12_o16_to_he4_mg24     0.351392264E+02
                   r_c12_c12_to_he4_ne20     0.160585357E+02
                          r_ne20_ag_mg24     0.481954822E+01
                           r_f18_ap_ne21     0.424231267E+01
                    r_he4_he4_he4_to_c12     0.415214836E+01
                           r_o18_ag_ne22     0.371730361E+01
                           r_o16_ag_ne20     0.371726150E+01
                            r_n14_ag_f18     0.324066542E+01
                            r_n13_ap_o16     0.324063992E+01
                            r_c14_ag_o18     0.280927395E+01
                            r_c12_ag_o16     0.280923227E+01
                           r_ne21_pa_f18     0.262979571E+01
                            r_c12_pg_n13     0.219938006E+01
                           rbe7pg_b8_aux     0.179760949E+01
                                 r34_pp3     0.175877531E+01
                  r_he3_he3_to_h1_h1_he4     0.175876358E+01
                         r_h1_he3_wk_he4     0.135766374E+01
                              rpp_to_he3     0.116518828E+01
                             rpep_to_he3     0.116518828E+01
                      r_o18_wk-minus_f18     0.421256649E-05
                                 r34_pp2     0.248726137E-07

 summary of log screened rates (reactions/gm/sec)

                  r_he3_he3_to_h1_h1_he4        10.358910821
                            r_c12_pg_n13         6.768324903
                           rbe7pg_b8_aux         6.355684223
                                 r34_pp3         5.970472271
                    r_he4_he4_he4_to_c12         2.279671813
                            r_n13_ap_o16         1.856009314
                            r_n14_ag_f18         1.408011171
                           r_o18_ag_ne22         0.189577542
                           r_f18_ap_ne21        -1.674047224
                                 r34_pp2        -1.879016664
                            r_f18_wk_o18        -2.155521966
                            r_c14_ag_o18        -2.417769707
                          rbe7ec_li7_aux        -2.514906177
                            r_c12_ag_o16        -3.650140174
                          r_ne20_ag_mg24        -4.123473530
                           r_o16_ag_ne20        -4.869841043
                             rpep_to_he3        -6.971551422
                         r_h1_he3_wk_he4        -8.559389816
                              rpp_to_he3        -8.808961628
                                rn14ecap       -10.338080190
                      r_c14_wk-minus_n14       -11.414171003
                   r_c12_c12_to_he4_ne20       -19.905589770
                            r_n13_gp_c12       -24.069607651
                   r_c12_o16_to_he4_mg24       -29.830222171
                           r_ne21_pa_f18       -30.907768693

 summary of log energy generation (reactions/gm/sec)

                            r_c12_pg_n13        21.333254625
                    r_he4_he4_he4_to_c12        18.324423763
                            r_n14_ag_f18        16.103271007
                            r_c12_ag_o16        12.107808383
                            r_c14_ag_o18        11.469756036
                           r_o16_ag_ne20        10.582986482
                             rpep_to_he3         8.849446982
                              rpp_to_he3         7.096463381
                      r_c14_wk-minus_n14         1.548029009
                   r_c12_c12_to_he4_ne20        -6.371963847
                   r_c12_o16_to_he4_mg24       -15.954171800



 energy generation by category

                                category   log rate (erg/g/sec)

                                     cno        21.333255   0.215404E+22
                                tri_alfa        18.324424   0.211069E+19
                                  burn_n        16.103271   0.126844E+17
                                  burn_c        12.197755   0.157672E+13
                                  burn_o        10.582986   0.382813E+11
                                      pp         8.857050   0.719532E+09
                                   other         1.548029   0.353207E+02

             log10(-photodisintegration)       -99.000000  -0.000000E+00



 summary of isotope mass abundance changes

                                 isotope        x initial         dx_dt   

                                     n13     0.100000E-98     0.149333E+05
                                     c12     0.470000E-01    -0.137809E+05
                                      h1     0.500000E-01    -0.114871E+04
                                     he4     0.846450E+00    -0.362040E+01
                                     f18     0.100000E-98     0.536028E-01
                                     n14     0.770000E-02    -0.416911E-01
                                     o16     0.470000E-01     0.283361E-05
                                     o18     0.100000E-98     0.883761E-06
                                     c14     0.850000E-03    -0.687370E-06
                                    ne20     0.100000E-98     0.167768E-06
                                     he3     0.100000E-98     0.406209E-09
                                    mg24     0.100000E-98     0.408210E-33


 summary of d_eps_nuc_dx

                                 isotope     d_eps_nuc_dx

                                     he3     0.83043525707278E+24
                                     c12     0.45830729213429E+23
                                      h1     0.43080885435017E+23
                                     he4     0.74957126747412E+19
                                     n13     0.58831299251030E+19
                                     n14     0.16473287638615E+19
                                     o18     0.16968725796675E+18
                                     c14     0.34700610104988E+15
                                     f18     0.27616979753021E+15
                                    ne20     0.71573844142625E+13
                                     o16     0.81449537772560E+12
                                    ne21    -0.49470680941624E-15

                                           Q total          Q neutrino    Q total-neutrino
                    rpp_to_he3        6.9356917140        0.2668000000        6.6688917140
                   rpep_to_he3        6.9356917140        1.4450000000        5.4906917140
               r_h1_he3_wk_he4       19.7952684950        9.6280000000       10.1672684950
        r_he3_he3_to_h1_h1_he4       12.8595767810        0.0000000000       12.8595767810
        r_h1_h1_he4_to_he3_he3      -12.8595767810        0.0000000000      -12.8595767810
                       r34_pp2       19.7952684950        0.8000000000       18.9952684950
                       r34_pp3       19.7952684950        6.7350000000       13.0602684950
          r_he4_he4_he4_to_c12        7.2747473730        0.0000000000        7.2747473730
          r_c12_to_he4_he4_he4       -7.2747473730        0.0000000000       -7.2747473730
                rbe7ec_li7_aux        0.0000000000        0.0000000000        0.0000000000
                 rbe7pg_b8_aux        0.0000000000        0.0000000000        0.0000000000
                  r_c12_ag_o16        7.1619172100        0.0000000000        7.1619172100
                  r_n13_ap_o16        5.2184296060        0.0000000000        5.2184296060
                  r_n13_gp_c12       -1.9434876040        0.0000000000       -1.9434876040
                      rn14ecap        0.0000000000        0.0000000000        0.0000000000
                  r_n14_ag_f18        4.4146319040        0.0000000000        4.4146319040
                 r_o16_ag_ne20        4.7298460010        0.0000000000        4.7298460010
                  r_o16_ga_c12       -7.1619172100        0.0000000000       -7.1619172100
                 r_o18_ag_ne22        9.6681091790        0.0000000000        9.6681091790
                 r_f18_ap_ne21        1.7414240640        0.0000000000        1.7414240640
                r_ne20_ag_mg24        9.3165521630        0.0000000000        9.3165521630
                 r_ne20_ga_o16       -4.7298460010        0.0000000000       -4.7298460010
                 r_ne22_ga_o18       -9.6681091790        0.0000000000       -9.6681091790
                r_mg24_ga_ne20       -9.3165521630        0.0000000000       -9.3165521630
                  r_c12_pg_n13        1.9434876040        0.0000000000        1.9434876040
                  r_c14_ag_o18        6.2263309960        0.0000000000        6.2263309960
            r_c14_wk-minus_n14        0.1564760200        0.0000000000        0.1564760200
                  r_o16_pa_n13       -5.2184296060        0.0000000000       -5.2184296060
                  r_o18_ga_c14       -6.2263309960        0.0000000000       -6.2263309960
                  r_f18_ga_n14       -4.4146319040        0.0000000000       -4.4146319040
          weaklib r_f18_wk_o18        1.6552230720        2.0348111543       -0.3795880823
    weaklib r_o18_wk-minus_f18       -1.6552230720        0.0000000000       -1.6552230720
         r_c12_c12_to_he4_ne20        4.6170158380        0.0000000000        4.6170158380
         r_he4_ne20_to_c12_c12       -4.6170158380        0.0000000000       -4.6170158380
                 r_ne21_pa_f18       -1.7414240640        0.0000000000       -1.7414240640
         r_c12_o16_to_he4_mg24        6.7716507910        0.0000000000        6.7716507910
         r_he4_mg24_to_c12_o16       -6.7716507910        0.0000000000       -6.7716507910


