  **************** Basic **************** 


 reaction name <r_c12_ng_c13>     1   323
 reaction name <r_c13_gn_c12>     2   324
 net eps_nuc:    2.4371506653374698E-074

 reaction name <r_c13_ng_c14>     3   325
 reaction name <r_c14_gn_c13>     4   326
 net eps_nuc:    4.7230233765171411E-091

 reaction name <r_he3_ng_he4>     5   284
 reaction name <r_he4_gn_he3>     6   285
 net eps_nuc:    4.7230233765171411E-091

 reaction name <r_n13_ng_n14>     7   334
 reaction name <r_n14_gn_n13>     8   335
 net eps_nuc:    4.7230233765171411E-091

 reaction name <r_ne20_ng_ne21>     9   360
 reaction name <r_ne21_gn_ne20>    10   361
 net eps_nuc:    4.7230233765171411E-091

 reaction name <r_ne21_ng_ne22>    11   363
 reaction name <r_ne22_gn_ne21>    12   364
 net eps_nuc:    4.7230233765171411E-091

 reaction name <r_neut_pg_h2>    13   316
 reaction name <r_h2_gp_neut>    14   317
 net eps_nuc:    2.1983629552899070E-072

 reaction name <r_o16_ng_o17>    15   341
 reaction name <r_o17_gn_o16>    16   342
 net eps_nuc:    3.6313932187359224E-074

 reaction name <r_o17_ng_o18>    17   345
 reaction name <r_o18_gn_o17>    18   346
 net eps_nuc:    1.9384464283974685E-089

 reaction name <r_c13_pn_n13>    19   328
 reaction name <r_n13_np_c13>    20   327
 net eps_nuc:    1.9384464283974685E-089

 reaction name <r_c14_pn_n14>    21   333
 reaction name <r_n14_np_c14>    22   332
 net eps_nuc:   -44324884003828.883     

 reaction name <r_o18_pn_f18>    23   349
 reaction name <r_f18_np_o18>    24   348
 net eps_nuc:    9.5279332307931131E-004

 reaction name <r_c13_pg_n14>    25    24
 reaction name <r_n14_gp_c13>    26    55
 net eps_nuc:    9.5279332307931131E-004

 reaction name <r_h2_pg_he3>    27   288
 reaction name <r_he3_gp_h2>    28   289
 net eps_nuc:    9.5279332307931131E-004

 reaction name <r_c12_pg_n13>    29    21
 reaction name <r_n13_gp_c12>    30    51
 net eps_nuc:    7.7994707197051453E+019

 reaction name <r_o17_pg_f18>    31    84
 reaction name <r_f18_gp_o17>    32    32
 net eps_nuc:   -1869.3919141577369     

 reaction name <r_f18_ap_ne21>    33   356
 reaction name <r_ne21_pa_f18>    34   357
 net eps_nuc:   -1869.3919141577369     

 reaction name <r_n13_ap_o16>    35    50
 reaction name <r_o16_pa_n13>    36   337
 net eps_nuc:   -1869.3919141577369     

 reaction name <r_n14_ap_o17>    37    54
 reaction name <r_o17_pa_n14>    38    83
 net eps_nuc:   -1869.4488409804756     

 reaction name <r_c14_an_o17>    39   340
 reaction name <r_o17_na_c14>    40   339
 net eps_nuc:   -1869.4488420918869     

 reaction name <r_ne21_an_mg24>    41   367
 reaction name <r_mg24_na_ne21>    42   366
 net eps_nuc:   -1869.4488420918869     

 reaction name <r_c13_an_o16>    43    23
 reaction name <r_o16_na_c13>    44   338
 net eps_nuc:   -1869.4488420918869     

 reaction name <r_o17_an_ne20>    45   353
 reaction name <r_ne20_na_o17>    46   352
 net eps_nuc:   -1869.4488420918869     

 reaction name <r_o18_an_ne21>    47   359
 reaction name <r_ne21_na_o18>    48   358
 net eps_nuc:   -1869.4488420918869     

 reaction name <r_c12_ag_o16>    49    19
 reaction name <r_o16_ga_c12>    50    80
 net eps_nuc:    45704069806.110588     

 reaction name <r_n14_ag_f18>    51    53
 reaction name <r_f18_ga_n14>    52   347
 net eps_nuc:    420104966929532.06     

 reaction name <r_ne20_ag_mg24>    53    65
 reaction name <r_mg24_ga_ne20>    54    49
 net eps_nuc:   -2146.2011503225845     

 reaction name <r_o16_ag_ne20>    55    78
 reaction name <r_ne20_ga_o16>    56    67
 net eps_nuc:    1184475509.0976725     

 reaction name <r_o17_ag_ne21>    57   354
 reaction name <r_ne21_ga_o17>    58   355
 net eps_nuc:    3246.7247362792918     

 reaction name <r_o18_ag_ne22>    59    85
 reaction name <r_ne22_ga_o18>    60   362
 net eps_nuc:    3246.7247362792918     

 reaction name <r_c14_ag_o18>    61   343
 reaction name <r_o18_ga_c14>    62   344
 net eps_nuc:    10892795184.304373     

 reaction name <r_c12_to_he4_he4_he4>    63    22
 reaction name <r_he4_he4_he4_to_c12>    64    45
 net eps_nuc:    3218188680269006.0     

 reaction name <r_h2_h2_to_he4>    65    41
 reaction name <r_he4_to_h2_h2>    66   321
 net eps_nuc:    934.19309934839089     

 reaction name <r_he4_ne20_to_c12_c12>    67   299
 reaction name <r_c12_c12_to_he4_ne20>    68   300
 net eps_nuc:    934.19309935313572     

 reaction name <r_neut_he3_to_h2_h2>    69   319
 reaction name <r_h2_h2_to_neut_he3>    70   318
 net eps_nuc:    934.19309935313572     

 reaction name <r_h1_h1_he4_to_he3_he3>    71   320
 reaction name <r_he3_he3_to_h1_h1_he4>    72    44
 net eps_nuc:    934.19309935313572     

 reaction name <r_h1_h2_to_neut_h1_h1>    73   315
 reaction name <r_neut_h1_h1_to_h1_h2>    74   314
 net eps_nuc:    934.19309935313572     

 reaction name <r_c12_o16_to_he4_mg24>    75   365
 reaction name <r_he4_mg24_to_c12_o16>    76   301
 net eps_nuc:    934.19309935313572     

 reaction name <r_h1_he4_to_h2_he3>    77   322
 reaction name <r_h2_he3_to_h1_he4>    78    42
 net eps_nuc:    934.19309935313572     

 reaction name <r_h2_c13_to_neut_n14>    79   331
 reaction name <r_neut_n14_to_h2_c13>    80   330
 net eps_nuc:    934.19309935313572     

 reaction name <r_n13_wk_c13>    81   329
 eps_nuc:    934.19309935313572     

 reaction name <r_h1_he3_wk_he4>    82   246
 eps_nuc:    934.19309935313572     

 reaction name <r_f18_wk_o18>    83   350
 eps_nuc:    934.19309935313572     

 reaction name <r_h1_h1_ec_h2>    84   237
 eps_nuc:   -339.07536601414091     

 reaction name <r_neut_wk-minus_h1>    85   313
 eps_nuc:   -339.07536601414091     

 reaction name <r_h1_wk_neut>    86   312
 eps_nuc:   -339.09321969409785     

 reaction name <r_c14_wk-minus_n14>    87   336
 eps_nuc:   -303.79372957611145     

 reaction name <r_h1_h1_wk_h2>    88   236
 eps_nuc:    123597.32404600615     

 reaction name <r_o18_wk-minus_f18>    89   351
 eps_nuc:    194.80093628435316     


                                log temp         8.477121255
                                 log rho         5.800000000

                            log(eps_nuc)        19.892085144

                                 eps_nuc     0.779983012E+20

                            d_lneps_dlnT         8.603186547
                          d_lneps_dlnRho         1.115205502


 summary of log raw rates

                            r_f18_np_o18        14.055286659
                            r_n13_np_c13        13.852049138
                      r_h2_he3_to_h1_he4        12.524533070
                     r_h2_h2_to_neut_he3        12.196952169
                            r_n13_ng_n14        11.845154513
                            r_n14_np_c14        11.319700341
                          r_ne21_ng_ne22        11.138442688
                            r_o17_na_c14        10.722313323
                            r_neut_pg_h2        10.311422017
                          r_ne20_ng_ne21         9.768178593
                            r_o16_ng_o17         9.490305028
                            r_c13_ng_c14         9.180741345
                            r_c12_ng_c13         9.115222968
                            r_he3_ng_he4         9.056224489
                  r_he3_he3_to_h1_h1_he4         8.914359261
                    r_h2_c13_to_neut_n14         8.280762901
                            r_o17_ng_o18         7.689862296
                             r_h2_pg_he3         7.488322206
                           r_ne21_na_o18         7.315922028
                            r_c13_pg_n14         5.525000594
                            r_o17_pa_n14         5.373839989
                            r_c12_pg_n13         5.227109619
                          r_h2_h2_to_he4         5.057145863
                            r_o17_pg_f18         4.196196078
                   r_neut_h1_h1_to_h1_h2         2.617395900
                            r_c14_pn_n14         1.283409919
                            r_c13_an_o16         1.279191567
                            r_n13_ap_o16         0.147447806
                            r_n14_ag_f18        -0.300765518
                    r_he4_he4_he4_to_c12        -0.737192031
                           r_o18_ag_ne22        -1.578811935
                           r_o17_an_ne20        -1.991234139
                            r_n13_wk_c13        -2.935874127
                           r_o17_ag_ne21        -2.996215092
                           r_f18_ap_ne21        -3.634859365
                            r_f18_wk_o18        -3.978059281
                            r_c14_ag_o18        -4.049382834
                           r_o18_an_ne21        -4.273297471
                            r_c12_ag_o16        -5.296989885
                          r_ne21_an_mg24        -5.314879656
                          r_ne20_ag_mg24        -6.002908239
                           r_o16_ag_ne20        -6.636061601
                           r_h1_h1_ec_h2        -9.437816515
                         r_h1_he3_wk_he4        -9.891892079
                           r_h1_h1_wk_h2       -10.075158623
                           r_ne20_na_o17       -10.578352625
                      r_c14_wk-minus_n14       -11.414431580
                            r_n14_ap_o17       -15.600123663
                            r_c14_an_o17       -19.505937300
                   r_c12_c12_to_he4_ne20       -22.306341729
                            r_h2_gp_neut       -23.970395767
                            r_n13_gp_c12       -24.059224021
                   r_h1_h2_to_neut_h1_h1       -26.165451882
                            r_o18_pn_f18       -26.416097576
                           r_ne21_pa_f18       -32.517024084
                   r_c12_o16_to_he4_mg24       -32.569740791
                            r_o16_na_c13       -35.177984197
                            r_c13_pn_n13       -36.592128120

 summary of screening factors

                      r_neut_wk-minus_h1     0.862030435E+40
                            r_h1_wk_neut     0.213145071E+25
                      r_o18_wk-minus_f18     0.947561842E+03
                            r_f18_wk_o18     0.459122715E+01
                   r_c12_o16_to_he4_mg24     0.381336848E+01
                   r_c12_c12_to_he4_ne20     0.281145393E+01
                          r_ne21_an_mg24     0.202518055E+01
                          r_ne20_ag_mg24     0.202518022E+01
                           r_f18_ap_ne21     0.191710473E+01
                           r_o18_an_ne21     0.180618016E+01
                           r_o18_ag_ne22     0.180618016E+01
                           r_o17_an_ne20     0.180617993E+01
                           r_o17_ag_ne21     0.180617993E+01
                           r_o16_ag_ne20     0.180617967E+01
                            r_n14_ap_o17     0.169380534E+01
                            r_n14_ag_f18     0.169380534E+01
                            r_n13_ap_o16     0.169380510E+01
                    r_he4_he4_he4_to_c12     0.158508145E+01
                            r_c14_an_o17     0.158123456E+01
                            r_c14_ag_o18     0.158123456E+01
                            r_c13_an_o16     0.158123443E+01
                            r_c12_ag_o16     0.158123428E+01
                           r_ne21_pa_f18     0.146794456E+01
                            r_o18_pn_f18     0.135946403E+01
                            r_o17_pg_f18     0.135946403E+01
                            r_o17_pa_n14     0.135946403E+01
                            r_c13_pn_n13     0.125900018E+01
                            r_c14_pn_n14     0.125900018E+01
                            r_c13_pg_n14     0.125900018E+01
                            r_c12_pg_n13     0.125900018E+01
                    r_h2_c13_to_neut_n14     0.125900018E+01
                  r_he3_he3_to_h1_h1_he4     0.116596056E+01
                      r_h2_he3_to_h1_he4     0.107979654E+01
                         r_h1_he3_wk_he4     0.107979654E+01
                             r_h2_pg_he3     0.103913259E+01
                          r_h2_h2_to_he4     0.103913259E+01
                     r_h2_h2_to_neut_he3     0.103913259E+01
                   r_h1_h2_to_neut_h1_h1     0.103913259E+01
                           r_h1_h1_ec_h2     0.103913259E+01
                           r_h1_h1_wk_h2     0.103913259E+01

 summary of log screened rates (reactions/gm/sec)

                            r_f18_np_o18        14.055286659
                            r_n13_np_c13        13.852049138
                      r_h2_he3_to_h1_he4        12.557875001
                     r_h2_h2_to_neut_he3        12.213623135
                            r_n13_ng_n14        11.845154513
                            r_n14_np_c14        11.319700341
                          r_ne21_ng_ne22        11.138442688
                            r_o17_na_c14        10.722313323
                            r_neut_pg_h2        10.311422017
                          r_ne20_ng_ne21         9.768178593
                            r_o16_ng_o17         9.490305028
                            r_c13_ng_c14         9.180741345
                            r_c12_ng_c13         9.115222968
                            r_he3_ng_he4         9.056224489
                  r_he3_he3_to_h1_h1_he4         8.981043122
                    r_h2_c13_to_neut_n14         8.380788693
                            r_o17_ng_o18         7.689862296
                             r_h2_pg_he3         7.504993172
                           r_ne21_na_o18         7.315922028
                            r_c13_pg_n14         5.625026385
                            r_o17_pa_n14         5.507207711
                            r_c12_pg_n13         5.327135410
                          r_h2_h2_to_he4         5.073816828
                            r_o17_pg_f18         4.329563800
                   r_neut_h1_h1_to_h1_h2         2.617395900
                            r_c13_an_o16         1.478187830
                            r_c14_pn_n14         1.383435711
                            r_n13_ap_o16         0.376311242
                            r_n14_ag_f18        -0.071902019
                    r_he4_he4_he4_to_c12        -0.537140448
                           r_o18_ag_ne22        -1.322050868
                           r_o17_an_ne20        -1.734473128
                           r_o17_ag_ne21        -2.739454080
                            r_n13_wk_c13        -2.935874127
                      r_neut_wk-minus_h1        -3.059631109
                            r_f18_wk_o18        -3.316130502
                           r_f18_ap_ne21        -3.352213526
                            r_c14_ag_o18        -3.850386535
                           r_o18_an_ne21        -4.016536403
                          r_ne21_an_mg24        -5.008415907
                            r_c12_ag_o16        -5.097993665
                          r_ne20_ag_mg24        -5.696444563
                           r_o16_ag_ne20        -6.379300652
                           r_h1_h1_ec_h2        -9.421145550
                         r_h1_he3_wk_he4        -9.858550148
                           r_h1_h1_wk_h2       -10.058487658
                           r_ne20_na_o17       -10.578352625
                      r_c14_wk-minus_n14       -11.414431580
                            r_n14_ap_o17       -15.371260164
                            r_h1_wk_neut       -18.365448418
                            r_c14_an_o17       -19.306941001
                   r_c12_c12_to_he4_ne20       -21.857410757
                            r_h2_gp_neut       -23.970395767
                            r_n13_gp_c12       -24.059224021
                   r_h1_h2_to_neut_h1_h1       -26.148780917
                            r_o18_pn_f18       -26.282729854
                   r_c12_o16_to_he4_mg24       -31.988432018
                           r_ne21_pa_f18       -32.350314431
                            r_o16_na_c13       -35.177984197
                            r_c13_pn_n13       -36.492102329



 energy generation by category

                                category   log rate (erg/g/sec)

                                     cno        19.892065   0.779947E+20
                                tri_alfa        15.507612   0.321819E+16
                                  burn_n        14.623358   0.420105E+15
                                  burn_o         9.073527   0.118448E+10
                                      pp         5.088589   0.122628E+06
                                   other         1.547549   0.352816E+02




 summary of isotope mass abundance changes

                                 isotope        x initial         dx_dt   

                                     n13     0.100000E-98     0.540711E+03
                                     c12     0.470000E-01    -0.499113E+03
                                      h1     0.500000E-01    -0.415932E+02
                                     he4     0.846450E+00    -0.589646E-02
                                     f18     0.100000E-98     0.177531E-02
                                     c14     0.850000E-03    -0.102763E-02
                                     n14     0.770000E-02    -0.353196E-03
                                    neut     0.100000E-98     0.734001E-04
                                     o16     0.470000E-01     0.101671E-06
                                     o18     0.100000E-98     0.326376E-07
                                    ne20     0.100000E-98     0.519097E-08
                                      h2     0.100000E-98     0.116647E-11
                                     o17     0.100000E-98     0.841586E-18
                                    mg24     0.100000E-98     0.283579E-35


 summary of d_eps_nuc_dx

                                 isotope     d_eps_nuc_dx

                                    neut     0.23283932164766E+28
                                      h2     0.42387883542997E+25
                                     c13     0.11817678770385E+23
                                     c12     0.16594618562288E+22
                                      h1     0.15598932574434E+22
                                     o17     0.14272405004346E+22
                                     n13     0.19507451003466E+18
                                     n14     0.54559086614439E+17
                                     c14    -0.52134107308066E+17
                                     he4     0.11902331843677E+17
                                     o18     0.52234522070374E+16
                                     f18     0.12035992942739E+14
                                    ne21     0.24368214672731E+12
                                    ne20     0.19133010505763E+12
                                     o16     0.25201652240400E+11
                                     he3     0.22644577624290E+08


